"../../../Engine/Content/Animation/DefaultAnimBoneCompressionSettings.uasset" 0
"../../../Engine/Content/Animation/DefaultAnimBoneCompressionSettings.uexp" 1
"../../../Engine/Content/Animation/DefaultAnimCurveCompressionSettings.uasset" 2
"../../../Engine/Content/Animation/DefaultAnimCurveCompressionSettings.uexp" 3
"../../../Engine/Content/EngineMaterials/T_Default_Material_Grid_N.uasset" 4
"../../../Engine/Content/EngineMaterials/T_Default_Material_Grid_N.uexp" 5
"../../../Engine/Content/EngineMaterials/T_Default_Material_Grid_N.ubulk" 6
"../../../Engine/Content/EngineMaterials/T_Default_Material_Grid_M.uasset" 7
"../../../Engine/Content/EngineMaterials/T_Default_Material_Grid_M.uexp" 8
"../../../Engine/Content/EngineMaterials/T_Default_Material_Grid_M.ubulk" 9
"../../../Engine/Content/Functions/Engine_MaterialFunctions01/Opacity/CameraDepthFade.uasset" 10
"../../../Engine/Content/Functions/Engine_MaterialFunctions01/Opacity/CameraDepthFade.uexp" 11
"../../../Engine/Content/EngineMaterials/WorldGridMaterial.uasset" 12
"../../../Engine/Content/EngineMaterials/WorldGridMaterial.uexp" 13
"../../../Engine/Content/ArtTools/RenderToTexture/Meshes/S_1_Unit_Plane.uasset" 14
"../../../Engine/Content/ArtTools/RenderToTexture/Meshes/S_1_Unit_Plane.uexp" 15
"../../../Engine/Content/EngineMaterials/DefaultMaterial.uasset" 16
"../../../Engine/Content/EngineMaterials/DefaultMaterial.uexp" 17
"../../../Engine/Content/BasicShapes/Cone.uasset" 18
"../../../Engine/Content/BasicShapes/Cone.uexp" 19
"../../../Engine/Content/BasicShapes/Cube.uasset" 20
"../../../Engine/Content/BasicShapes/Cube.uexp" 21
"../../../Engine/Content/BasicShapes/Plane.uasset" 22
"../../../Engine/Content/BasicShapes/Plane.uexp" 23
"../../../Engine/Content/BasicShapes/Sphere.uasset" 24
"../../../Engine/Content/BasicShapes/Sphere.uexp" 25
"../../../Engine/Content/EngineMaterials/DefaultPhysicalMaterial.uasset" 26
"../../../Engine/Content/EngineMaterials/DefaultPhysicalMaterial.uexp" 27
"../../../Engine/Content/BufferVisualization/AmbientOcclusion.uasset" 28
"../../../Engine/Content/BufferVisualization/AmbientOcclusion.uexp" 29
"../../../Engine/Content/Functions/Engine_MaterialFunctions02/Utility/AppendMany.uasset" 30
"../../../Engine/Content/Functions/Engine_MaterialFunctions02/Utility/AppendMany.uexp" 31
"../../../Engine/Content/BufferVisualization/Anisotropy.uasset" 32
"../../../Engine/Content/BufferVisualization/Anisotropy.uexp" 33
"../../../Engine/Content/BufferVisualization/BaseColor.uasset" 34
"../../../Engine/Content/BufferVisualization/BaseColor.uexp" 35
"../../../Engine/Content/BufferVisualization/CustomDepth.uasset" 36
"../../../Engine/Content/BufferVisualization/CustomDepth.uexp" 37
"../../../Engine/Content/Functions/Engine_MaterialFunctions02/Utility/VectorLength.uasset" 38
"../../../Engine/Content/Functions/Engine_MaterialFunctions02/Utility/VectorLength.uexp" 39
"../../../Engine/Content/BufferVisualization/CustomDepthWorldUnits.uasset" 40
"../../../Engine/Content/BufferVisualization/CustomDepthWorldUnits.uexp" 41
"../../../Engine/Content/EngineMaterials/MiniFont.uasset" 42
"../../../Engine/Content/EngineMaterials/MiniFont.uexp" 43
"../../../Engine/Content/Functions/Engine_MaterialFunctions02/Utility/MakeFloat3.uasset" 44
"../../../Engine/Content/Functions/Engine_MaterialFunctions02/Utility/MakeFloat3.uexp" 45
"../../../Engine/Content/Functions/Engine_MaterialFunctions02/Utility/MakeFloat2.uasset" 46
"../../../Engine/Content/Functions/Engine_MaterialFunctions02/Utility/MakeFloat2.uexp" 47
"../../../Engine/Content/Functions/Engine_MaterialFunctions02/ScreenResolution.uasset" 48
"../../../Engine/Content/Functions/Engine_MaterialFunctions02/ScreenResolution.uexp" 49
"../../../Engine/Content/Functions/Engine_MaterialFunctions02/Utility/BreakOutFloat2Components.uasset" 50
"../../../Engine/Content/Functions/Engine_MaterialFunctions02/Utility/BreakOutFloat2Components.uexp" 51
"../../../Engine/Content/Functions/Engine_MaterialFunctions01/Texturing/ScaleUVsByCenter.uasset" 52
"../../../Engine/Content/Functions/Engine_MaterialFunctions01/Texturing/ScaleUVsByCenter.uexp" 53
"../../../Engine/Content/Functions/Engine_MaterialFunctions02/Texturing/ScreenAlignedUVs.uasset" 54
"../../../Engine/Content/Functions/Engine_MaterialFunctions02/Texturing/ScreenAlignedUVs.uexp" 55
"../../../Engine/Content/BufferVisualization/CustomStencil.uasset" 56
"../../../Engine/Content/BufferVisualization/CustomStencil.uexp" 57
"../../../Engine/Content/BufferVisualization/FinalImage.uasset" 58
"../../../Engine/Content/BufferVisualization/FinalImage.uexp" 59
"../../../Engine/Content/BufferVisualization/LightingModel.uasset" 60
"../../../Engine/Content/BufferVisualization/LightingModel.uexp" 61
"../../../Engine/Content/BufferVisualization/MaterialAO.uasset" 62
"../../../Engine/Content/BufferVisualization/MaterialAO.uexp" 63
"../../../Engine/Content/BufferVisualization/Metallic.uasset" 64
"../../../Engine/Content/BufferVisualization/Metallic.uexp" 65
"../../../Engine/Content/BufferVisualization/Opacity.uasset" 66
"../../../Engine/Content/BufferVisualization/Opacity.uexp" 67
"../../../Engine/Content/BufferVisualization/PostTonemapHDRColor.uasset" 68
"../../../Engine/Content/BufferVisualization/PostTonemapHDRColor.uexp" 69
"../../../Engine/Content/BufferVisualization/PreTonemapHDRColor.uasset" 70
"../../../Engine/Content/BufferVisualization/PreTonemapHDRColor.uexp" 71
"../../../Engine/Content/BufferVisualization/Roughness.uasset" 72
"../../../Engine/Content/BufferVisualization/Roughness.uexp" 73
"../../../Engine/Content/BufferVisualization/SceneColor.uasset" 74
"../../../Engine/Content/BufferVisualization/SceneColor.uexp" 75
"../../../Engine/Content/BufferVisualization/SceneDepth.uasset" 76
"../../../Engine/Content/BufferVisualization/SceneDepth.uexp" 77
"../../../Engine/Content/BufferVisualization/SceneDepthWorldUnits.uasset" 78
"../../../Engine/Content/BufferVisualization/SceneDepthWorldUnits.uexp" 79
"../../../Engine/Content/BufferVisualization/SeparateTranslucencyA.uasset" 80
"../../../Engine/Content/BufferVisualization/SeparateTranslucencyA.uexp" 81
"../../../Engine/Content/BufferVisualization/SeparateTranslucencyRGB.uasset" 82
"../../../Engine/Content/BufferVisualization/SeparateTranslucencyRGB.uexp" 83
"../../../Engine/Content/BufferVisualization/Specular.uasset" 84
"../../../Engine/Content/BufferVisualization/Specular.uexp" 85
"../../../Engine/Content/BufferVisualization/SubsurfaceColor.uasset" 86
"../../../Engine/Content/BufferVisualization/SubsurfaceColor.uexp" 87
"../../../Engine/Content/BufferVisualization/Velocity.uasset" 88
"../../../Engine/Content/BufferVisualization/Velocity.uexp" 89
"../../../Engine/Content/BufferVisualization/WorldNormal.uasset" 90
"../../../Engine/Content/BufferVisualization/WorldNormal.uexp" 91
"../../../Engine/Content/BufferVisualization/WorldTangent.uasset" 92
"../../../Engine/Content/BufferVisualization/WorldTangent.uexp" 93
"../../../Engine/Content/EditorLandscapeResources/DataLayer.uasset" 94
"../../../Engine/Content/EditorLandscapeResources/DataLayer.uexp" 95
"../../../Engine/Content/EditorLandscapeResources/DefaultAlphaTexture.uasset" 96
"../../../Engine/Content/EditorLandscapeResources/DefaultAlphaTexture.uexp" 97
"../../../Engine/Content/EditorLandscapeResources/LandscapeGizmoHeight_Mat.uasset" 98
"../../../Engine/Content/EditorLandscapeResources/LandscapeGizmoHeight_Mat.uexp" 99
"../../../Engine/Content/EditorLandscapeResources/LandscapeGizmo_Mat.uasset" 100
"../../../Engine/Content/EditorLandscapeResources/LandscapeGizmo_Mat.uexp" 101
"../../../Engine/Content/EditorLandscapeResources/LandscapeGizmo_Mat_Copied.uasset" 102
"../../../Engine/Content/EditorLandscapeResources/LandscapeGizmo_Mat_Copied.uexp" 103
"../../../Engine/Content/EditorLandscapeResources/SplineEditorMeshMat.uasset" 104
"../../../Engine/Content/EditorLandscapeResources/SplineEditorMeshMat.uexp" 105
"../../../Engine/Content/EditorLandscapeResources/SplineEditorMesh.uasset" 106
"../../../Engine/Content/EditorLandscapeResources/SplineEditorMesh.uexp" 107
"../../../Engine/Content/EditorMaterials/Cross.uasset" 108
"../../../Engine/Content/EditorMaterials/Cross.uexp" 109
"../../../Engine/Content/EditorMaterials/Cross_Mat.uasset" 110
"../../../Engine/Content/EditorMaterials/Cross_Mat.uexp" 111
"../../../Engine/Content/EditorResources/T_EditorHelp.uasset" 112
"../../../Engine/Content/EditorResources/T_EditorHelp.uexp" 113
"../../../Engine/Content/EditorResources/T_EditorHelp.ubulk" 114
"../../../Engine/Content/Functions/Engine_MaterialFunctions02/Utility/Sign.uasset" 115
"../../../Engine/Content/Functions/Engine_MaterialFunctions02/Utility/Sign.uexp" 116
"../../../Engine/Content/Functions/Engine_MaterialFunctions02/Utility/Round.uasset" 117
"../../../Engine/Content/Functions/Engine_MaterialFunctions02/Utility/Round.uexp" 118
"../../../Engine/Content/Functions/Engine_MaterialFunctions02/ExampleContent/Textures/DebugNumberPeriod.uasset" 119
"../../../Engine/Content/Functions/Engine_MaterialFunctions02/ExampleContent/Textures/DebugNumberPeriod.uexp" 120
"../../../Engine/Content/Functions/Engine_MaterialFunctions02/ExampleContent/DebugNumberStrip.uasset" 121
"../../../Engine/Content/Functions/Engine_MaterialFunctions02/ExampleContent/DebugNumberStrip.uexp" 122
"../../../Engine/Content/EngineMaterials/DefaultDiffuse.uasset" 123
"../../../Engine/Content/EngineMaterials/DefaultDiffuse.uexp" 124
"../../../Engine/Content/EngineMaterials/DefaultDiffuse.ubulk" 125
"../../../Engine/Content/Functions/Engine_MaterialFunctions01/Texturing/TextureCropping.uasset" 126
"../../../Engine/Content/Functions/Engine_MaterialFunctions01/Texturing/TextureCropping.uexp" 127
"../../../Engine/Content/Functions/Engine_MaterialFunctions01/Texturing/ComputeMipLevel.uasset" 128
"../../../Engine/Content/Functions/Engine_MaterialFunctions01/Texturing/ComputeMipLevel.uexp" 129
"../../../Engine/Content/Functions/Engine_MaterialFunctions02/Utility/DebugScalarValues.uasset" 130
"../../../Engine/Content/Functions/Engine_MaterialFunctions02/Utility/DebugScalarValues.uexp" 131
"../../../Engine/Content/Functions/Engine_MaterialFunctions02/Utility/DebugFloat2Values.uasset" 132
"../../../Engine/Content/Functions/Engine_MaterialFunctions02/Utility/DebugFloat2Values.uexp" 133
"../../../Engine/Content/Functions/Engine_MaterialFunctions02/ExampleContent/Textures/flipbook.uasset" 134
"../../../Engine/Content/Functions/Engine_MaterialFunctions02/ExampleContent/Textures/flipbook.uexp" 135
"../../../Engine/Content/Functions/Engine_MaterialFunctions02/ExampleContent/Textures/flipbook.ubulk" 136
"../../../Engine/Content/Functions/Engine_MaterialFunctions02/Texturing/FlipBook.uasset" 137
"../../../Engine/Content/Functions/Engine_MaterialFunctions02/Texturing/FlipBook.uexp" 138
"../../../Engine/Content/EditorMaterials/HelpActorMaterial.uasset" 139
"../../../Engine/Content/EditorMaterials/HelpActorMaterial.uexp" 140
"../../../Engine/Content/Functions/Engine_MaterialFunctions03/Procedurals/ComputeFilterWidth.uasset" 141
"../../../Engine/Content/Functions/Engine_MaterialFunctions03/Procedurals/ComputeFilterWidth.uexp" 142
"../../../Engine/Content/EngineMaterials/BlendFunc_DefBlend.uasset" 143
"../../../Engine/Content/EngineMaterials/BlendFunc_DefBlend.uexp" 144
"../../../Engine/Content/EngineMaterials/BlendFunc_DefBase.uasset" 145
"../../../Engine/Content/EngineMaterials/BlendFunc_DefBase.uexp" 146
"../../../Engine/Content/Functions/Engine_MaterialFunctions03/Blends/Blend_Screen.uasset" 147
"../../../Engine/Content/Functions/Engine_MaterialFunctions03/Blends/Blend_Screen.uexp" 148
"../../../Engine/Content/EditorMaterials/TilingAALineIntegral.uasset" 149
"../../../Engine/Content/EditorMaterials/TilingAALineIntegral.uexp" 150
"../../../Engine/Content/EditorMaterials/TilingAALineBoxFiltered.uasset" 151
"../../../Engine/Content/EditorMaterials/TilingAALineBoxFiltered.uexp" 152
"../../../Engine/Content/EditorMaterials/TilingAAGrid.uasset" 153
"../../../Engine/Content/EditorMaterials/TilingAAGrid.uexp" 154
"../../../Engine/Content/EditorMaterials/TilingAADots.uasset" 155
"../../../Engine/Content/EditorMaterials/TilingAADots.uexp" 156
"../../../Engine/Content/EditorMaterials/CompositeARGBLayer.uasset" 157
"../../../Engine/Content/EditorMaterials/CompositeARGBLayer.uexp" 158
"../../../Engine/Content/EditorMaterials/LevelGridMaterial.uasset" 159
"../../../Engine/Content/EditorMaterials/LevelGridMaterial.uexp" 160
"../../../Engine/Content/EditorResources/LevelGrid1DStripes.uasset" 161
"../../../Engine/Content/EditorResources/LevelGrid1DStripes.uexp" 162
"../../../Engine/Content/EditorMaterials/TextureGridCascaded1D.uasset" 163
"../../../Engine/Content/EditorMaterials/TextureGridCascaded1D.uexp" 164
"../../../Engine/Content/EditorMaterials/TextureGridCascaded2D.uasset" 165
"../../../Engine/Content/EditorMaterials/TextureGridCascaded2D.uexp" 166
"../../../Engine/Content/EditorMaterials/MakeCompositeARGBLayer.uasset" 167
"../../../Engine/Content/EditorMaterials/MakeCompositeARGBLayer.uexp" 168
"../../../Engine/Content/EditorMaterials/LevelGridMaterial2.uasset" 169
"../../../Engine/Content/EditorMaterials/LevelGridMaterial2.uexp" 170
"../../../Engine/Content/EditorMaterials/MAT_Groups_Toggle.uasset" 171
"../../../Engine/Content/EditorMaterials/MAT_Groups_Toggle.uexp" 172
"../../../Engine/Content/EditorMaterials/MAT_Groups_Visibility.uasset" 173
"../../../Engine/Content/EditorMaterials/MAT_Groups_Visibility.uexp" 174
"../../../Engine/Content/EditorMaterials/PhAT_BoneSelectedMaterial.uasset" 175
"../../../Engine/Content/EditorMaterials/PhAT_BoneSelectedMaterial.uexp" 176
"../../../Engine/Content/EditorMaterials/PhAT_ElemSelectedMaterial.uasset" 177
"../../../Engine/Content/EditorMaterials/PhAT_ElemSelectedMaterial.uexp" 178
"../../../Engine/Content/EditorMaterials/PhAT_NoCollisionMaterial.uasset" 179
"../../../Engine/Content/EditorMaterials/PhAT_NoCollisionMaterial.uexp" 180
"../../../Engine/Content/EditorMaterials/PhAT_UnselectedMaterial.uasset" 181
"../../../Engine/Content/EditorMaterials/PhAT_UnselectedMaterial.uexp" 182
"../../../Engine/Content/EditorMaterials/PreviewShadowIndicator.uasset" 183
"../../../Engine/Content/EditorMaterials/PreviewShadowIndicator.uexp" 184
"../../../Engine/Content/EditorMaterials/PreviewShadowIndicator.ubulk" 185
"../../../Engine/Content/EditorMaterials/PreviewShadowIndicatorMaterial.uasset" 186
"../../../Engine/Content/EditorMaterials/PreviewShadowIndicatorMaterial.uexp" 187
"../../../Engine/Content/EditorMaterials/TargetIcon.uasset" 188
"../../../Engine/Content/EditorMaterials/TargetIcon.uexp" 189
"../../../Engine/Content/EditorMaterials/TargetIcon.ubulk" 190
"../../../Engine/Content/EditorMaterials/Tick.uasset" 191
"../../../Engine/Content/EditorMaterials/Tick.uexp" 192
"../../../Engine/Content/EditorMaterials/Tick_Mat.uasset" 193
"../../../Engine/Content/EditorMaterials/Tick_Mat.uexp" 194
"../../../Engine/Content/EditorMaterials/WidgetGridVertexColorMaterial.uasset" 195
"../../../Engine/Content/EditorMaterials/WidgetGridVertexColorMaterial.uexp" 196
"../../../Engine/Content/EditorMaterials/WidgetGridVertexColorMaterial.ubulk" 197
"../../../Engine/Content/EditorMaterials/WidgetGridVertexColorMaterial_Ma.uasset" 198
"../../../Engine/Content/EditorMaterials/WidgetGridVertexColorMaterial_Ma.uexp" 199
"../../../Engine/Content/EditorMaterials/WidgetMaterial.uasset" 200
"../../../Engine/Content/EditorMaterials/WidgetMaterial.uexp" 201
"../../../Engine/Content/EditorMaterials/WidgetMaterial_Current.uasset" 202
"../../../Engine/Content/EditorMaterials/WidgetMaterial_Current.uexp" 203
"../../../Engine/Content/EditorMaterials/WidgetMaterial_X.uasset" 204
"../../../Engine/Content/EditorMaterials/WidgetMaterial_X.uexp" 205
"../../../Engine/Content/EditorMaterials/WidgetMaterial_Y.uasset" 206
"../../../Engine/Content/EditorMaterials/WidgetMaterial_Y.uexp" 207
"../../../Engine/Content/EditorMaterials/WidgetMaterial_Z.uasset" 208
"../../../Engine/Content/EditorMaterials/WidgetMaterial_Z.uexp" 209
"../../../Engine/Content/EditorMaterials/WidgetVertexColorMaterial.uasset" 210
"../../../Engine/Content/EditorMaterials/WidgetVertexColorMaterial.uexp" 211
"../../../Engine/Content/EditorMaterials/MatineeGroups/MAT_ColorTrack.uasset" 212
"../../../Engine/Content/EditorMaterials/MatineeGroups/MAT_ColorTrack.uexp" 213
"../../../Engine/Content/EditorMaterials/MatineeGroups/MAT_Groups_Anim.uasset" 214
"../../../Engine/Content/EditorMaterials/MatineeGroups/MAT_Groups_Anim.uexp" 215
"../../../Engine/Content/EditorMaterials/MatineeGroups/MAT_Groups_AudioMaster.uasset" 216
"../../../Engine/Content/EditorMaterials/MatineeGroups/MAT_Groups_AudioMaster.uexp" 217
"../../../Engine/Content/EditorMaterials/MatineeGroups/MAT_Groups_Director.uasset" 218
"../../../Engine/Content/EditorMaterials/MatineeGroups/MAT_Groups_Director.uexp" 219
"../../../Engine/Content/EditorMaterials/MatineeGroups/MAT_Groups_Event.uasset" 220
"../../../Engine/Content/EditorMaterials/MatineeGroups/MAT_Groups_Event.uexp" 221
"../../../Engine/Content/EditorMaterials/MatineeGroups/MAT_Groups_Fade.uasset" 222
"../../../Engine/Content/EditorMaterials/MatineeGroups/MAT_Groups_Fade.uexp" 223
"../../../Engine/Content/EditorMaterials/MatineeGroups/MAT_Groups_Float.uasset" 224
"../../../Engine/Content/EditorMaterials/MatineeGroups/MAT_Groups_Float.uexp" 225
"../../../Engine/Content/EditorMaterials/MatineeGroups/MAT_Groups_Move.uasset" 226
"../../../Engine/Content/EditorMaterials/MatineeGroups/MAT_Groups_Move.uexp" 227
"../../../Engine/Content/EditorMaterials/MatineeGroups/MAT_Groups_Slomo.uasset" 228
"../../../Engine/Content/EditorMaterials/MatineeGroups/MAT_Groups_Slomo.uexp" 229
"../../../Engine/Content/EditorMaterials/MatineeGroups/MAT_Groups_Sound.uasset" 230
"../../../Engine/Content/EditorMaterials/MatineeGroups/MAT_Groups_Sound.uexp" 231
"../../../Engine/Content/EditorMaterials/MatineeGroups/MAT_Groups_Vector.uasset" 232
"../../../Engine/Content/EditorMaterials/MatineeGroups/MAT_Groups_Vector.uexp" 233
"../../../Engine/Content/EditorMaterials/ParticleSystems/PSysThumbnail_NoImage.uasset" 234
"../../../Engine/Content/EditorMaterials/ParticleSystems/PSysThumbnail_NoImage.uexp" 235
"../../../Engine/Content/EditorMaterials/ParticleSystems/PSysThumbnail_NoImage.ubulk" 236
"../../../Engine/Content/EditorMaterials/ParticleSystems/PSysThumbnail_OOD.uasset" 237
"../../../Engine/Content/EditorMaterials/ParticleSystems/PSysThumbnail_OOD.uexp" 238
"../../../Engine/Content/EditorMaterials/ParticleSystems/PSysThumbnail_OOD.ubulk" 239
"../../../Engine/Content/EngineMaterials/Grid.uasset" 240
"../../../Engine/Content/EngineMaterials/Grid.uexp" 241
"../../../Engine/Content/EngineMaterials/Grid.ubulk" 242
"../../../Engine/Content/EditorMaterials/Thumbnails/FloorPlaneMaterial.uasset" 243
"../../../Engine/Content/EditorMaterials/Thumbnails/FloorPlaneMaterial.uexp" 244
"../../../Engine/Content/EditorMeshes/EditorCube.uasset" 245
"../../../Engine/Content/EditorMeshes/EditorCube.uexp" 246
"../../../Engine/Content/EditorMeshes/EditorCylinder.uasset" 247
"../../../Engine/Content/EditorMeshes/EditorCylinder.uexp" 248
"../../../Engine/Content/EditorMeshes/EditorPlane.uasset" 249
"../../../Engine/Content/EditorMeshes/EditorPlane.uexp" 250
"../../../Engine/Content/EditorMaterials/Thumbnails/SkySphereMaterial.uasset" 251
"../../../Engine/Content/EditorMaterials/Thumbnails/SkySphereMaterial.uexp" 252
"../../../Engine/Content/EditorMeshes/EditorSkySphere.uasset" 253
"../../../Engine/Content/EditorMeshes/EditorSkySphere.uexp" 254
"../../../Engine/Content/EditorMeshes/EditorSphere.uasset" 255
"../../../Engine/Content/EditorMeshes/EditorSphere.uexp" 256
"../../../Engine/Content/EditorResources/MatineeCam_D.uasset" 257
"../../../Engine/Content/EditorResources/MatineeCam_D.uexp" 258
"../../../Engine/Content/EditorMaterials/MatineeCam_mat.uasset" 259
"../../../Engine/Content/EditorMaterials/MatineeCam_mat.uexp" 260
"../../../Engine/Content/EditorMeshes/MatineeCam_SM.uasset" 261
"../../../Engine/Content/EditorMeshes/MatineeCam_SM.uexp" 262
"../../../Engine/Content/EditorMeshes/PlanarReflectionPlane.uasset" 263
"../../../Engine/Content/EditorMeshes/PlanarReflectionPlane.uexp" 264
"../../../Engine/Content/EngineDebugMaterials/M_SimpleOpaque.uasset" 265
"../../../Engine/Content/EngineDebugMaterials/M_SimpleOpaque.uexp" 266
"../../../Engine/Content/EditorMaterials/Camera/MI_CineMat_CamViewFinder.uasset" 267
"../../../Engine/Content/EditorMaterials/Camera/MI_CineMat_CamViewFinder.uexp" 268
"../../../Engine/Content/EditorMaterials/Camera/CineMat.uasset" 269
"../../../Engine/Content/EditorMaterials/Camera/CineMat.uexp" 270
"../../../Engine/Content/EditorMaterials/Camera/MI_CineMat_CameraBody.uasset" 271
"../../../Engine/Content/EditorMaterials/Camera/MI_CineMat_CameraBody.uexp" 272
"../../../Engine/Content/EditorMeshes/Camera/SM_CineCam.uasset" 273
"../../../Engine/Content/EditorMeshes/Camera/SM_CineCam.uexp" 274
"../../../Engine/Content/EditorMaterials/Camera/MI_CineMat_Rig.uasset" 275
"../../../Engine/Content/EditorMaterials/Camera/MI_CineMat_Rig.uexp" 276
"../../../Engine/Content/EditorMeshes/Camera/SM_CraneRig_Arm.uasset" 277
"../../../Engine/Content/EditorMeshes/Camera/SM_CraneRig_Arm.uexp" 278
"../../../Engine/Content/EditorMeshes/Camera/SM_CraneRig_Base.uasset" 279
"../../../Engine/Content/EditorMeshes/Camera/SM_CraneRig_Base.uexp" 280
"../../../Engine/Content/EditorMeshes/Camera/SM_CraneRig_Body.uasset" 281
"../../../Engine/Content/EditorMeshes/Camera/SM_CraneRig_Body.uexp" 282
"../../../Engine/Content/EditorMeshes/Camera/SM_CraneRig_Mount.uasset" 283
"../../../Engine/Content/EditorMeshes/Camera/SM_CraneRig_Mount.uexp" 284
"../../../Engine/Content/EditorMeshes/Camera/SM_RailRig_Mount.uasset" 285
"../../../Engine/Content/EditorMeshes/Camera/SM_RailRig_Mount.uexp" 286
"../../../Engine/Content/EditorMeshes/Camera/SM_RailRig_Track.uasset" 287
"../../../Engine/Content/EditorMeshes/Camera/SM_RailRig_Track.uexp" 288
"../../../Engine/Content/EditorMeshes/ColorCalibrator/M_ChromeBall.uasset" 289
"../../../Engine/Content/EditorMeshes/ColorCalibrator/M_ChromeBall.uexp" 290
"../../../Engine/Content/EditorResources/Bad.uasset" 291
"../../../Engine/Content/EditorResources/Bad.uexp" 292
"../../../Engine/Content/EditorResources/Bad.ubulk" 293
"../../../Engine/Content/EditorResources/BSPVertex.uasset" 294
"../../../Engine/Content/EditorResources/BSPVertex.uexp" 295
"../../../Engine/Content/EditorResources/EmptyActor.uasset" 296
"../../../Engine/Content/EditorResources/EmptyActor.uexp" 297
"../../../Engine/Content/EditorResources/MatInstActSprite.uasset" 298
"../../../Engine/Content/EditorResources/MatInstActSprite.uexp" 299
"../../../Engine/Content/EditorResources/MatInstActSprite.ubulk" 300
"../../../Engine/Content/EditorResources/SceneManager.uasset" 301
"../../../Engine/Content/EditorResources/SceneManager.uexp" 302
"../../../Engine/Content/EditorResources/SceneManager.ubulk" 303
"../../../Engine/Content/EditorResources/SmallFont.uasset" 304
"../../../Engine/Content/EditorResources/SmallFont.uexp" 305
"../../../Engine/Content/EditorResources/S_Actor.uasset" 306
"../../../Engine/Content/EditorResources/S_Actor.uexp" 307
"../../../Engine/Content/EditorResources/S_Actor.ubulk" 308
"../../../Engine/Content/EditorResources/S_CameraShakeSource.uasset" 309
"../../../Engine/Content/EditorResources/S_CameraShakeSource.uexp" 310
"../../../Engine/Content/EditorResources/S_DecalActorIcon.uasset" 311
"../../../Engine/Content/EditorResources/S_DecalActorIcon.uexp" 312
"../../../Engine/Content/EditorResources/S_DecalActorIcon.ubulk" 313
"../../../Engine/Content/EditorResources/S_Emitter.uasset" 314
"../../../Engine/Content/EditorResources/S_Emitter.uexp" 315
"../../../Engine/Content/EditorResources/S_Emitter.ubulk" 316
"../../../Engine/Content/EditorResources/S_ExpoHeightFog.uasset" 317
"../../../Engine/Content/EditorResources/S_ExpoHeightFog.uexp" 318
"../../../Engine/Content/EditorResources/S_ExpoHeightFog.ubulk" 319
"../../../Engine/Content/EditorResources/S_FTest.uasset" 320
"../../../Engine/Content/EditorResources/S_FTest.uexp" 321
"../../../Engine/Content/EditorResources/S_KBSJoint.uasset" 322
"../../../Engine/Content/EditorResources/S_KBSJoint.uexp" 323
"../../../Engine/Content/EditorResources/S_KBSJoint.ubulk" 324
"../../../Engine/Content/EditorResources/S_KHinge.uasset" 325
"../../../Engine/Content/EditorResources/S_KHinge.uexp" 326
"../../../Engine/Content/EditorResources/S_KHinge.ubulk" 327
"../../../Engine/Content/EditorResources/S_KPrismatic.uasset" 328
"../../../Engine/Content/EditorResources/S_KPrismatic.uexp" 329
"../../../Engine/Content/EditorResources/S_KPrismatic.ubulk" 330
"../../../Engine/Content/EditorResources/S_LevelSequence.uasset" 331
"../../../Engine/Content/EditorResources/S_LevelSequence.uexp" 332
"../../../Engine/Content/EditorResources/S_LevelSequence.ubulk" 333
"../../../Engine/Content/EditorResources/S_NavP.uasset" 334
"../../../Engine/Content/EditorResources/S_NavP.uexp" 335
"../../../Engine/Content/EditorResources/S_NavP.ubulk" 336
"../../../Engine/Content/EditorResources/S_Note.uasset" 337
"../../../Engine/Content/EditorResources/S_Note.uexp" 338
"../../../Engine/Content/EditorResources/S_Note.ubulk" 339
"../../../Engine/Content/EditorResources/S_Player.uasset" 340
"../../../Engine/Content/EditorResources/S_Player.uexp" 341
"../../../Engine/Content/EditorResources/S_Player.ubulk" 342
"../../../Engine/Content/EditorResources/S_PortalActorIcon2.uasset" 343
"../../../Engine/Content/EditorResources/S_PortalActorIcon2.uexp" 344
"../../../Engine/Content/EditorResources/S_PortalActorIcon2.ubulk" 345
"../../../Engine/Content/EditorResources/S_RadForce.uasset" 346
"../../../Engine/Content/EditorResources/S_RadForce.uexp" 347
"../../../Engine/Content/EditorResources/S_RadForce.ubulk" 348
"../../../Engine/Content/EditorResources/S_ReflActorIcon.uasset" 349
"../../../Engine/Content/EditorResources/S_ReflActorIcon.uexp" 350
"../../../Engine/Content/EditorResources/S_ReflActorIcon.ubulk" 351
"../../../Engine/Content/EditorResources/S_SkyAtmosphere.uasset" 352
"../../../Engine/Content/EditorResources/S_SkyAtmosphere.uexp" 353
"../../../Engine/Content/EditorResources/S_SkyAtmosphere.ubulk" 354
"../../../Engine/Content/EditorResources/S_Solver.uasset" 355
"../../../Engine/Content/EditorResources/S_Solver.uexp" 356
"../../../Engine/Content/EditorResources/S_Solver.ubulk" 357
"../../../Engine/Content/EditorResources/S_Terrain.uasset" 358
"../../../Engine/Content/EditorResources/S_Terrain.uexp" 359
"../../../Engine/Content/EditorResources/S_Terrain.ubulk" 360
"../../../Engine/Content/EditorResources/S_TextRenderActorIcon.uasset" 361
"../../../Engine/Content/EditorResources/S_TextRenderActorIcon.uexp" 362
"../../../Engine/Content/EditorResources/S_TextRenderActorIcon.ubulk" 363
"../../../Engine/Content/EditorResources/S_Thruster.uasset" 364
"../../../Engine/Content/EditorResources/S_Thruster.uexp" 365
"../../../Engine/Content/EditorResources/S_Thruster.ubulk" 366
"../../../Engine/Content/EditorResources/S_Trigger.uasset" 367
"../../../Engine/Content/EditorResources/S_Trigger.uexp" 368
"../../../Engine/Content/EditorResources/S_Trigger.ubulk" 369
"../../../Engine/Content/EditorResources/S_VectorFieldVol.uasset" 370
"../../../Engine/Content/EditorResources/S_VectorFieldVol.uexp" 371
"../../../Engine/Content/EditorResources/S_VectorFieldVol.ubulk" 372
"../../../Engine/Content/EditorResources/S_VolumetricCloud.uasset" 373
"../../../Engine/Content/EditorResources/S_VolumetricCloud.uexp" 374
"../../../Engine/Content/EditorResources/S_VolumetricCloud.ubulk" 375
"../../../Engine/Content/EditorResources/S_WindDirectional.uasset" 376
"../../../Engine/Content/EditorResources/S_WindDirectional.uexp" 377
"../../../Engine/Content/EditorResources/S_WindDirectional.ubulk" 378
"../../../Engine/Content/EditorResources/AI/S_NavLink.uasset" 379
"../../../Engine/Content/EditorResources/AI/S_NavLink.uexp" 380
"../../../Engine/Content/EditorResources/AudioIcons/S_AudioComponent_AutoActivate.uasset" 381
"../../../Engine/Content/EditorResources/AudioIcons/S_AudioComponent_AutoActivate.uexp" 382
"../../../Engine/Content/EditorResources/AudioIcons/S_AudioComponent_AutoActivate.ubulk" 383
"../../../Engine/Content/EditorResources/LightIcons/SkyLight.uasset" 384
"../../../Engine/Content/EditorResources/LightIcons/SkyLight.uexp" 385
"../../../Engine/Content/EditorResources/LightIcons/S_LightDirectional.uasset" 386
"../../../Engine/Content/EditorResources/LightIcons/S_LightDirectional.uexp" 387
"../../../Engine/Content/EditorResources/LightIcons/S_LightDirectionalMove.uasset" 388
"../../../Engine/Content/EditorResources/LightIcons/S_LightDirectionalMove.uexp" 389
"../../../Engine/Content/EditorResources/LightIcons/S_LightError.uasset" 390
"../../../Engine/Content/EditorResources/LightIcons/S_LightError.uexp" 391
"../../../Engine/Content/EditorResources/LightIcons/S_LightPoint.uasset" 392
"../../../Engine/Content/EditorResources/LightIcons/S_LightPoint.uexp" 393
"../../../Engine/Content/EditorResources/LightIcons/S_LightPointMove.uasset" 394
"../../../Engine/Content/EditorResources/LightIcons/S_LightPointMove.uexp" 395
"../../../Engine/Content/EditorResources/LightIcons/S_LightSpot.uasset" 396
"../../../Engine/Content/EditorResources/LightIcons/S_LightSpot.uexp" 397
"../../../Engine/Content/EditorResources/LightIcons/S_LightSpotMove.uasset" 398
"../../../Engine/Content/EditorResources/LightIcons/S_LightSpotMove.uexp" 399
"../../../Engine/Content/EditorResources/SequenceRecorder/Countdown.uasset" 400
"../../../Engine/Content/EditorResources/SequenceRecorder/Countdown.uexp" 401
"../../../Engine/Content/EditorResources/SequenceRecorder/RecordingIndicator.uasset" 402
"../../../Engine/Content/EditorResources/SequenceRecorder/RecordingIndicator.uexp" 403
"../../../Engine/Content/EditorResources/Spline/T_Loft_Spline.uasset" 404
"../../../Engine/Content/EditorResources/Spline/T_Loft_Spline.uexp" 405
"../../../Engine/Content/EditorSounds/Notifications/CompileSuccess.uasset" 406
"../../../Engine/Content/EditorSounds/Notifications/CompileSuccess.uexp" 407
"../../../Engine/Content/EditorSounds/Notifications/CompileStart_Cue.uasset" 408
"../../../Engine/Content/EditorSounds/Notifications/CompileStart_Cue.uexp" 409
"../../../Engine/Content/EditorSounds/Notifications/CompileSuccess_Cue.uasset" 410
"../../../Engine/Content/EditorSounds/Notifications/CompileSuccess_Cue.uexp" 411
"../../../Engine/Content/EngineDamageTypes/DmgTypeBP_Environmental.uasset" 412
"../../../Engine/Content/EngineDamageTypes/DmgTypeBP_Environmental.uexp" 413
"../../../Engine/Content/EngineDebugMaterials/HeatmapGradient.uasset" 414
"../../../Engine/Content/EngineDebugMaterials/HeatmapGradient.uexp" 415
"../../../Engine/Content/EngineDebugMaterials/HeatmapGradient.ubulk" 416
"../../../Engine/Content/EngineDebugMaterials/BoneWeightMaterial.uasset" 417
"../../../Engine/Content/EngineDebugMaterials/BoneWeightMaterial.uexp" 418
"../../../Engine/Content/EngineDebugMaterials/ClothMaterial.uasset" 419
"../../../Engine/Content/EngineDebugMaterials/ClothMaterial.uexp" 420
"../../../Engine/Content/EngineDebugMaterials/ClothMaterial_WF.uasset" 421
"../../../Engine/Content/EngineDebugMaterials/ClothMaterial_WF.uexp" 422
"../../../Engine/Content/EngineDebugMaterials/DebugEditorMaterial.uasset" 423
"../../../Engine/Content/EngineDebugMaterials/DebugEditorMaterial.uexp" 424
"../../../Engine/Content/EngineDebugMaterials/DebugMeshMaterial.uasset" 425
"../../../Engine/Content/EngineDebugMaterials/DebugMeshMaterial.uexp" 426
"../../../Engine/Content/EngineDebugMaterials/GeomMaterial.uasset" 427
"../../../Engine/Content/EngineDebugMaterials/GeomMaterial.uexp" 428
"../../../Engine/Content/Functions/Engine_MaterialFunctions01/Shading/ConvertFromDiffSpec.uasset" 429
"../../../Engine/Content/Functions/Engine_MaterialFunctions01/Shading/ConvertFromDiffSpec.uexp" 430
"../../../Engine/Content/EngineDebugMaterials/LevelColorationLitMaterial.uasset" 431
"../../../Engine/Content/EngineDebugMaterials/LevelColorationLitMaterial.uexp" 432
"../../../Engine/Content/EngineDebugMaterials/LevelColorationUnlitMaterial.uasset" 433
"../../../Engine/Content/EngineDebugMaterials/LevelColorationUnlitMaterial.uexp" 434
"../../../Engine/Content/EngineMaterials/DefaultWhiteGrid.uasset" 435
"../../../Engine/Content/EngineMaterials/DefaultWhiteGrid.uexp" 436
"../../../Engine/Content/EngineMaterials/DefaultWhiteGrid.ubulk" 437
"../../../Engine/Content/EngineDebugMaterials/MAT_LevelColorationLitLightmapUV.uasset" 438
"../../../Engine/Content/EngineDebugMaterials/MAT_LevelColorationLitLightmapUV.uexp" 439
"../../../Engine/Content/EngineDebugMaterials/M_SimpleUnlitTranslucent.uasset" 440
"../../../Engine/Content/EngineDebugMaterials/M_SimpleUnlitTranslucent.uexp" 441
"../../../Engine/Content/EngineDebugMaterials/VolumeToRender.uasset" 442
"../../../Engine/Content/EngineDebugMaterials/VolumeToRender.uexp" 443
"../../../Engine/Content/Functions/Engine_MaterialFunctions02/Utility/CameraDirectionVector.uasset" 444
"../../../Engine/Content/Functions/Engine_MaterialFunctions02/Utility/CameraDirectionVector.uexp" 445
"../../../Engine/Content/EngineDebugMaterials/M_VolumeRenderSphereTracePP.uasset" 446
"../../../Engine/Content/EngineDebugMaterials/M_VolumeRenderSphereTracePP.uexp" 447
"../../../Engine/Content/EngineMaterials/DefaultWhiteGrid_Low.uasset" 448
"../../../Engine/Content/EngineMaterials/DefaultWhiteGrid_Low.uexp" 449
"../../../Engine/Content/EngineDebugMaterials/PhysicalMaterialMaskMaterial.uasset" 450
"../../../Engine/Content/EngineDebugMaterials/PhysicalMaterialMaskMaterial.uexp" 451
"../../../Engine/Content/EngineDebugMaterials/ShadedLevelColorationLitMaterial.uasset" 452
"../../../Engine/Content/EngineDebugMaterials/ShadedLevelColorationLitMaterial.uexp" 453
"../../../Engine/Content/EngineDebugMaterials/ShadedLevelColorationUnlitMateri.uasset" 454
"../../../Engine/Content/EngineDebugMaterials/ShadedLevelColorationUnlitMateri.uexp" 455
"../../../Engine/Content/EngineDebugMaterials/VertexColorMaterial.uasset" 456
"../../../Engine/Content/EngineDebugMaterials/VertexColorMaterial.uexp" 457
"../../../Engine/Content/EngineDebugMaterials/VertexColorViewMode_AlphaAsColor.uasset" 458
"../../../Engine/Content/EngineDebugMaterials/VertexColorViewMode_AlphaAsColor.uexp" 459
"../../../Engine/Content/EngineDebugMaterials/VertexColorViewMode_BlueOnly.uasset" 460
"../../../Engine/Content/EngineDebugMaterials/VertexColorViewMode_BlueOnly.uexp" 461
"../../../Engine/Content/EngineDebugMaterials/VertexColorViewMode_ColorOnly.uasset" 462
"../../../Engine/Content/EngineDebugMaterials/VertexColorViewMode_ColorOnly.uexp" 463
"../../../Engine/Content/EngineDebugMaterials/VertexColorViewMode_GreenOnly.uasset" 464
"../../../Engine/Content/EngineDebugMaterials/VertexColorViewMode_GreenOnly.uexp" 465
"../../../Engine/Content/EngineDebugMaterials/VertexColorViewMode_RedOnly.uasset" 466
"../../../Engine/Content/EngineDebugMaterials/VertexColorViewMode_RedOnly.uexp" 467
"../../../Engine/Content/EngineDebugMaterials/WireframeMaterial.uasset" 468
"../../../Engine/Content/EngineDebugMaterials/WireframeMaterial.uexp" 469
"../../../Engine/Content/EngineFonts/Faces/RobotoRegular.uasset" 470
"../../../Engine/Content/EngineFonts/Faces/RobotoRegular.uexp" 471
"../../../Engine/Content/EngineFonts/Faces/RobotoRegular.ufont" 472
"../../../Engine/Content/EngineFonts/Faces/RobotoLight.uasset" 473
"../../../Engine/Content/EngineFonts/Faces/RobotoLight.uexp" 474
"../../../Engine/Content/EngineFonts/Faces/RobotoLight.ufont" 475
"../../../Engine/Content/EngineFonts/Faces/RobotoItalic.uasset" 476
"../../../Engine/Content/EngineFonts/Faces/RobotoItalic.uexp" 477
"../../../Engine/Content/EngineFonts/Faces/RobotoItalic.ufont" 478
"../../../Engine/Content/EngineFonts/Faces/RobotoBoldItalic.uasset" 479
"../../../Engine/Content/EngineFonts/Faces/RobotoBoldItalic.uexp" 480
"../../../Engine/Content/EngineFonts/Faces/RobotoBoldItalic.ufont" 481
"../../../Engine/Content/EngineFonts/Faces/RobotoBold.uasset" 482
"../../../Engine/Content/EngineFonts/Faces/RobotoBold.uexp" 483
"../../../Engine/Content/EngineFonts/Faces/RobotoBold.ufont" 484
"../../../Engine/Content/EngineFonts/Faces/DroidSansFallback.uasset" 485
"../../../Engine/Content/EngineFonts/Faces/DroidSansFallback.uexp" 486
"../../../Engine/Content/EngineFonts/Faces/DroidSansFallback.ufont" 487
"../../../Engine/Content/EngineFonts/Roboto.uasset" 488
"../../../Engine/Content/EngineFonts/Roboto.uexp" 489
"../../../Engine/Content/EngineFonts/Faces/RobotoTiny.uasset" 490
"../../../Engine/Content/EngineFonts/Faces/RobotoTiny.uexp" 491
"../../../Engine/Content/EngineFonts/Faces/RobotoTiny.ufont" 492
"../../../Engine/Content/EngineFonts/RobotoTiny.uasset" 493
"../../../Engine/Content/EngineFonts/RobotoTiny.uexp" 494
"../../../Engine/Content/EngineFonts/SmallFont.uasset" 495
"../../../Engine/Content/EngineFonts/SmallFont.uexp" 496
"../../../Engine/Content/EngineFonts/TinyFont.uasset" 497
"../../../Engine/Content/EngineFonts/TinyFont.uexp" 498
"../../../Engine/Content/EngineMaterials/BaseFlattenNormalMap.uasset" 499
"../../../Engine/Content/EngineMaterials/BaseFlattenNormalMap.uexp" 500
"../../../Engine/Content/EngineMaterials/BaseFlattenGrayscaleMap.uasset" 501
"../../../Engine/Content/EngineMaterials/BaseFlattenGrayscaleMap.uexp" 502
"../../../Engine/Content/EngineMaterials/BaseFlattenEmissiveMap.uasset" 503
"../../../Engine/Content/EngineMaterials/BaseFlattenEmissiveMap.uexp" 504
"../../../Engine/Content/EngineMaterials/BaseFlattenDiffuseMap.uasset" 505
"../../../Engine/Content/EngineMaterials/BaseFlattenDiffuseMap.uexp" 506
"../../../Engine/Content/EngineMaterials/BaseFlattenMaterial.uasset" 507
"../../../Engine/Content/EngineMaterials/BaseFlattenMaterial.uexp" 508
"../../../Engine/Content/EngineResources/WhiteSquareTexture.uasset" 509
"../../../Engine/Content/EngineResources/WhiteSquareTexture.uexp" 510
"../../../Engine/Content/EngineMaterials/BlinkingCaret.uasset" 511
"../../../Engine/Content/EngineMaterials/BlinkingCaret.uexp" 512
"../../../Engine/Content/EngineMaterials/BlueNoise.uasset" 513
"../../../Engine/Content/EngineMaterials/BlueNoise.uexp" 514
"../../../Engine/Content/EngineMaterials/DefaultBloomKernel.uasset" 515
"../../../Engine/Content/EngineMaterials/DefaultBloomKernel.uexp" 516
"../../../Engine/Content/EngineMaterials/DefaultBokeh.uasset" 517
"../../../Engine/Content/EngineMaterials/DefaultBokeh.uexp" 518
"../../../Engine/Content/EngineMaterials/DefaultDeferredDecalMaterial.uasset" 519
"../../../Engine/Content/EngineMaterials/DefaultDeferredDecalMaterial.uexp" 520
"../../../Engine/Content/EngineMaterials/DefaultLightFunctionMaterial.uasset" 521
"../../../Engine/Content/EngineMaterials/DefaultLightFunctionMaterial.uexp" 522
"../../../Engine/Content/EngineMaterials/DefaultNormal.uasset" 523
"../../../Engine/Content/EngineMaterials/DefaultNormal.uexp" 524
"../../../Engine/Content/EngineMaterials/DefaultNormal.ubulk" 525
"../../../Engine/Content/EngineMaterials/DefaultPostProcessMaterial.uasset" 526
"../../../Engine/Content/EngineMaterials/DefaultPostProcessMaterial.uexp" 527
"../../../Engine/Content/EngineFonts/RobotoDistanceField.uasset" 528
"../../../Engine/Content/EngineFonts/RobotoDistanceField.uexp" 529
"../../../Engine/Content/EngineMaterials/DefaultTextMaterialOpaque.uasset" 530
"../../../Engine/Content/EngineMaterials/DefaultTextMaterialOpaque.uexp" 531
"../../../Engine/Content/EngineMaterials/EditorBrushMaterial.uasset" 532
"../../../Engine/Content/EngineMaterials/EditorBrushMaterial.uexp" 533
"../../../Engine/Content/EngineMaterials/EmissiveMeshMaterial.uasset" 534
"../../../Engine/Content/EngineMaterials/EmissiveMeshMaterial.uexp" 535
"../../../Engine/Content/EngineMaterials/GizmoMaterial.uasset" 536
"../../../Engine/Content/EngineMaterials/GizmoMaterial.uexp" 537
"../../../Engine/Content/EngineMaterials/Good64x64TilingNoiseHighFreq.uasset" 538
"../../../Engine/Content/EngineMaterials/Good64x64TilingNoiseHighFreq.uexp" 539
"../../../Engine/Content/EngineMaterials/Grid_N.uasset" 540
"../../../Engine/Content/EngineMaterials/Grid_N.uexp" 541
"../../../Engine/Content/EngineMaterials/Grid_N.ubulk" 542
"../../../Engine/Content/EngineMaterials/HighResolutionScreenshotMaskFunction.uasset" 543
"../../../Engine/Content/EngineMaterials/HighResolutionScreenshotMaskFunction.uexp" 544
"../../../Engine/Content/EngineMaterials/HighResScreenshot.uasset" 545
"../../../Engine/Content/EngineMaterials/HighResScreenshot.uexp" 546
"../../../Engine/Content/EngineMaterials/HighResScreenshotCaptureRegion.uasset" 547
"../../../Engine/Content/EngineMaterials/HighResScreenshotCaptureRegion.uexp" 548
"../../../Engine/Content/EngineMaterials/HighResScreenshotMask.uasset" 549
"../../../Engine/Content/EngineMaterials/HighResScreenshotMask.uexp" 550
"../../../Engine/Content/EngineMaterials/LandscapeHolePhysicalMaterial.uasset" 551
"../../../Engine/Content/EngineMaterials/LandscapeHolePhysicalMaterial.uexp" 552
"../../../Engine/Content/EngineMaterials/InvalidLightmapSettings.uasset" 553
"../../../Engine/Content/EngineMaterials/InvalidLightmapSettings.uexp" 554
"../../../Engine/Content/EngineMaterials/InvalidLightmapSettings.ubulk" 555
"../../../Engine/Content/EngineMaterials/M_InvalidLightmapSettings.uasset" 556
"../../../Engine/Content/EngineMaterials/M_InvalidLightmapSettings.uexp" 557
"../../../Engine/Content/EngineMaterials/PaperDiffuse.uasset" 558
"../../../Engine/Content/EngineMaterials/PaperDiffuse.uexp" 559
"../../../Engine/Content/EngineMaterials/PaperNormal.uasset" 560
"../../../Engine/Content/EngineMaterials/PaperNormal.uexp" 561
"../../../Engine/Content/Functions/Engine_MaterialFunctions02/WorldPositionOffset/CameraOffset.uasset" 562
"../../../Engine/Content/Functions/Engine_MaterialFunctions02/WorldPositionOffset/CameraOffset.uexp" 563
"../../../Engine/Content/EngineMaterials/PhAT_JointLimitMaterial.uasset" 564
"../../../Engine/Content/EngineMaterials/PhAT_JointLimitMaterial.uexp" 565
"../../../Engine/Content/EngineMaterials/PhysMat_Rubber.uasset" 566
"../../../Engine/Content/EngineMaterials/PhysMat_Rubber.uexp" 567
"../../../Engine/Content/EngineMaterials/DefaultCalibrationColor.uasset" 568
"../../../Engine/Content/EngineMaterials/DefaultCalibrationColor.uexp" 569
"../../../Engine/Content/EngineMaterials/PPM_DefaultCalibrationColor.uasset" 570
"../../../Engine/Content/EngineMaterials/PPM_DefaultCalibrationColor.uexp" 571
"../../../Engine/Content/EngineMaterials/DefaultCalibrationGrayscale.uasset" 572
"../../../Engine/Content/EngineMaterials/DefaultCalibrationGrayscale.uexp" 573
"../../../Engine/Content/EngineMaterials/PPM_DefaultCalibrationGrayscale.uasset" 574
"../../../Engine/Content/EngineMaterials/PPM_DefaultCalibrationGrayscale.uexp" 575
"../../../Engine/Content/EngineMaterials/PreintegratedSkinBRDF.uasset" 576
"../../../Engine/Content/EngineMaterials/PreintegratedSkinBRDF.uexp" 577
"../../../Engine/Content/EngineMaterials/RemoveSurfaceMaterial.uasset" 578
"../../../Engine/Content/EngineMaterials/RemoveSurfaceMaterial.uexp" 579
"../../../Engine/Content/Functions/Engine_MaterialFunctions01/ImageAdjustment/sRGBToLinear.uasset" 580
"../../../Engine/Content/Functions/Engine_MaterialFunctions01/ImageAdjustment/sRGBToLinear.uexp" 581
"../../../Engine/Content/Functions/Engine_MaterialFunctions02/Utility/BreakOutFloat3Components.uasset" 582
"../../../Engine/Content/Functions/Engine_MaterialFunctions02/Utility/BreakOutFloat3Components.uexp" 583
"../../../Engine/Content/EngineMaterials/Widget3DCameraPassThrough_Opaque_OneSided.uasset" 584
"../../../Engine/Content/EngineMaterials/Widget3DCameraPassThrough_Opaque_OneSided.uexp" 585
"../../../Engine/Content/EngineMaterials/Widget3DPassThrough.uasset" 586
"../../../Engine/Content/EngineMaterials/Widget3DPassThrough.uexp" 587
"../../../Engine/Content/EngineMaterials/Widget3DPassThrough_Masked.uasset" 588
"../../../Engine/Content/EngineMaterials/Widget3DPassThrough_Masked.uexp" 589
"../../../Engine/Content/EngineMaterials/Widget3DPassThrough_Opaque.uasset" 590
"../../../Engine/Content/EngineMaterials/Widget3DPassThrough_Opaque.uexp" 591
"../../../Engine/Content/EngineMaterials/Widget3DPassThrough_Masked_OneSided.uasset" 592
"../../../Engine/Content/EngineMaterials/Widget3DPassThrough_Masked_OneSided.uexp" 593
"../../../Engine/Content/EngineMaterials/Widget3DPassThrough_Opaque_OneSided.uasset" 594
"../../../Engine/Content/EngineMaterials/Widget3DPassThrough_Opaque_OneSided.uexp" 595
"../../../Engine/Content/EngineMaterials/Widget3DPassThrough_Translucent.uasset" 596
"../../../Engine/Content/EngineMaterials/Widget3DPassThrough_Translucent.uexp" 597
"../../../Engine/Content/EngineMaterials/Widget3DPassThrough_Translucent_OneSided.uasset" 598
"../../../Engine/Content/EngineMaterials/Widget3DPassThrough_Translucent_OneSided.uexp" 599
"../../../Engine/Content/EngineMeshes/Cylinder.uasset" 600
"../../../Engine/Content/EngineMeshes/Cylinder.uexp" 601
"../../../Engine/Content/EngineMeshes/Sphere.uasset" 602
"../../../Engine/Content/EngineMeshes/Sphere.uexp" 603
"../../../Engine/Content/EngineResources/DefaultTexture.uasset" 604
"../../../Engine/Content/EngineResources/DefaultTexture.uexp" 605
"../../../Engine/Content/EngineResources/DefaultTexture.ubulk" 606
"../../../Engine/Content/EngineResources/DefaultTextureCube.uasset" 607
"../../../Engine/Content/EngineResources/DefaultTextureCube.uexp" 608
"../../../Engine/Content/EngineResources/DefaultVolumeTexture2D.uasset" 609
"../../../Engine/Content/EngineResources/DefaultVolumeTexture2D.uexp" 610
"../../../Engine/Content/EngineResources/DefaultVolumeTexture.uasset" 611
"../../../Engine/Content/EngineResources/DefaultVolumeTexture.uexp" 612
"../../../Engine/Content/EngineResources/GradientTexture0.uasset" 613
"../../../Engine/Content/EngineResources/GradientTexture0.uexp" 614
"../../../Engine/Content/EngineResources/StreamingPauseIcon.uasset" 615
"../../../Engine/Content/EngineResources/StreamingPauseIcon.uexp" 616
"../../../Engine/Content/EngineResources/M_StreamingPause.uasset" 617
"../../../Engine/Content/EngineResources/M_StreamingPause.uexp" 618
"../../../Engine/Content/EngineSky/VolumetricClouds/T_NoiseShape64.uasset" 619
"../../../Engine/Content/EngineSky/VolumetricClouds/T_NoiseShape64.uexp" 620
"../../../Engine/Content/EngineSky/VolumetricClouds/T_NoiseShape64.ubulk" 621
"../../../Engine/Content/EngineSky/VolumetricClouds/T_VolumeNoiseShape64.uasset" 622
"../../../Engine/Content/EngineSky/VolumetricClouds/T_VolumeNoiseShape64.uexp" 623
"../../../Engine/Content/EngineSky/VolumetricClouds/T_NoiseErosion.uasset" 624
"../../../Engine/Content/EngineSky/VolumetricClouds/T_NoiseErosion.uexp" 625
"../../../Engine/Content/EngineSky/VolumetricClouds/T_NoiseErosion.ubulk" 626
"../../../Engine/Content/EngineSky/VolumetricClouds/T_VolumeNoiseErosion32.uasset" 627
"../../../Engine/Content/EngineSky/VolumetricClouds/T_VolumeNoiseErosion32.uexp" 628
"../../../Engine/Content/EngineSky/VolumetricClouds/CloudWeatherTexture.uasset" 629
"../../../Engine/Content/EngineSky/VolumetricClouds/CloudWeatherTexture.uexp" 630
"../../../Engine/Content/EngineSky/VolumetricClouds/CloudGradientTexture.uasset" 631
"../../../Engine/Content/EngineSky/VolumetricClouds/CloudGradientTexture.uexp" 632
"../../../Engine/Content/EngineSky/VolumetricClouds/m_SimpleVolumetricCloud.uasset" 633
"../../../Engine/Content/EngineSky/VolumetricClouds/m_SimpleVolumetricCloud.uexp" 634
"../../../Engine/Content/EngineSky/VolumetricClouds/m_SimpleVolumetricCloud_Inst.uasset" 635
"../../../Engine/Content/EngineSky/VolumetricClouds/m_SimpleVolumetricCloud_Inst.uexp" 636
"../../../Engine/Content/EngineSounds/Master.uasset" 637
"../../../Engine/Content/EngineSounds/Master.uexp" 638
"../../../Engine/Content/Functions/Engine_MaterialFunctions01/Shading/PowerToRoughness.uasset" 639
"../../../Engine/Content/Functions/Engine_MaterialFunctions01/Shading/PowerToRoughness.uexp" 640
"../../../Engine/Content/Maps/Templates/Thumbnails/Default.uasset" 641
"../../../Engine/Content/Maps/Templates/Thumbnails/Default.uexp" 642
"../../../Engine/Content/Maps/Templates/Thumbnails/TimeOfDay.uasset" 643
"../../../Engine/Content/Maps/Templates/Thumbnails/TimeOfDay.uexp" 644
"../../../Engine/Content/Maps/Templates/Thumbnails/VR-Basic.uasset" 645
"../../../Engine/Content/Maps/Templates/Thumbnails/VR-Basic.uexp" 646
"../../../Engine/Content/MapTemplates/Sky/DaylightAmbientCubemap.uasset" 647
"../../../Engine/Content/MapTemplates/Sky/DaylightAmbientCubemap.uexp" 648
"../../../Engine/Content/MobileResources/T_MobileControls_texture.uasset" 649
"../../../Engine/Content/MobileResources/T_MobileControls_texture.uexp" 650
"../../../Engine/Content/MobileResources/T_MobileMenu2.uasset" 651
"../../../Engine/Content/MobileResources/T_MobileMenu2.uexp" 652
"../../../Engine/Content/MobileResources/HUD/AnalogHat.uasset" 653
"../../../Engine/Content/MobileResources/HUD/AnalogHat.uexp" 654
"../../../Engine/Content/MobileResources/HUD/VirtualJoystick_Thumb.uasset" 655
"../../../Engine/Content/MobileResources/HUD/VirtualJoystick_Thumb.uexp" 656
"../../../Engine/Content/MobileResources/HUD/VirtualJoystick_Background.uasset" 657
"../../../Engine/Content/MobileResources/HUD/VirtualJoystick_Background.uexp" 658
"../../../Engine/Content/MobileResources/HUD/DefaultVirtualJoysticks.uasset" 659
"../../../Engine/Content/MobileResources/HUD/DefaultVirtualJoysticks.uexp" 660
"../../../Engine/Content/MobileResources/HUD/LeftVirtualJoystickOnly.uasset" 661
"../../../Engine/Content/MobileResources/HUD/LeftVirtualJoystickOnly.uexp" 662
"../../../Engine/Content/MobileResources/HUD/MobileHUDButton1_off.uasset" 663
"../../../Engine/Content/MobileResources/HUD/MobileHUDButton1_off.uexp" 664
"../../../Engine/Content/MobileResources/HUD/MobileHUDButton1_on.uasset" 665
"../../../Engine/Content/MobileResources/HUD/MobileHUDButton1_on.uexp" 666
"../../../Engine/Content/MobileResources/HUD/MobileHUDButton2_off.uasset" 667
"../../../Engine/Content/MobileResources/HUD/MobileHUDButton2_off.uexp" 668
"../../../Engine/Content/MobileResources/HUD/MobileHUDButton2_on.uasset" 669
"../../../Engine/Content/MobileResources/HUD/MobileHUDButton2_on.uexp" 670
"../../../Engine/Content/MobileResources/HUD/MobileHUDButton3.uasset" 671
"../../../Engine/Content/MobileResources/HUD/MobileHUDButton3.uexp" 672
"../../../Engine/Content/MobileResources/HUD/MobileHUDButtonFire.uasset" 673
"../../../Engine/Content/MobileResources/HUD/MobileHUDButtonFire.uexp" 674
"../../../Engine/Content/MobileResources/HUD/MobileHUDDirectionPad.uasset" 675
"../../../Engine/Content/MobileResources/HUD/MobileHUDDirectionPad.uexp" 676
"../../../Engine/Content/MobileResources/HUD/MobileHUDDirectionPad2.uasset" 677
"../../../Engine/Content/MobileResources/HUD/MobileHUDDirectionPad2.uexp" 678
"../../../Engine/Content/MobileResources/HUD/MobileHUDDirectionPad3.uasset" 679
"../../../Engine/Content/MobileResources/HUD/MobileHUDDirectionPad3.uexp" 680
"../../../Engine/Content/MobileResources/HUD/MobileHUDDirectionStick.uasset" 681
"../../../Engine/Content/MobileResources/HUD/MobileHUDDirectionStick.uexp" 682
"../../../Engine/Content/MobileResources/HUD/T_Castle_ThumbstickInner.uasset" 683
"../../../Engine/Content/MobileResources/HUD/T_Castle_ThumbstickInner.uexp" 684
"../../../Engine/Content/MobileResources/HUD/T_Castle_ThumbstickOutter.uasset" 685
"../../../Engine/Content/MobileResources/HUD/T_Castle_ThumbstickOutter.uexp" 686
"../../../Engine/Content/Tutorial/ContentIntroCurve.uasset" 687
"../../../Engine/Content/Tutorial/ContentIntroCurve.uexp" 688
"../../../Engine/Content/Tutorial/Basics/TutorialAssets/icon_tab_Levels_40x.uasset" 689
"../../../Engine/Content/Tutorial/Basics/TutorialAssets/icon_tab_Levels_40x.uexp" 690
"../../../Engine/Content/VREditor/TransformGizmo/TranslucentTransformGizmoMaterial.uasset" 691
"../../../Engine/Content/VREditor/TransformGizmo/TranslucentTransformGizmoMaterial.uexp" 692
"../../../Engine/Content/VREditor/LaserPointer/VR_LaserPower_01.uasset" 693
"../../../Engine/Content/VREditor/LaserPointer/VR_LaserPower_01.uexp" 694
"../../../Engine/Content/VREditor/LaserPointer/VR_LaserPower_01.ubulk" 695
"../../../Engine/Content/VREditor/TransformGizmo/TransformGizmoMaterial.uasset" 696
"../../../Engine/Content/VREditor/TransformGizmo/TransformGizmoMaterial.uexp" 697
"../../../Engine/Content/VREditor/TransformGizmo/BoundingBoxCorner.uasset" 698
"../../../Engine/Content/VREditor/TransformGizmo/BoundingBoxCorner.uexp" 699
"../../../Engine/Content/VREditor/TransformGizmo/BoundingBoxEdge.uasset" 700
"../../../Engine/Content/VREditor/TransformGizmo/BoundingBoxEdge.uexp" 701
"../../../Engine/Content/VREditor/TransformGizmo/PlaneTranslationHandle.uasset" 702
"../../../Engine/Content/VREditor/TransformGizmo/PlaneTranslationHandle.uexp" 703
"../../../Engine/Content/VREditor/TransformGizmo/Xray.uasset" 704
"../../../Engine/Content/VREditor/TransformGizmo/Xray.uexp" 705
"../../../Engine/Content/VREditor/TransformGizmo/Main.uasset" 706
"../../../Engine/Content/VREditor/TransformGizmo/Main.uexp" 707
"../../../Engine/Content/VREditor/TransformGizmo/SM_Sequencer_Key.uasset" 708
"../../../Engine/Content/VREditor/TransformGizmo/SM_Sequencer_Key.uexp" 709
"../../../Engine/Content/VREditor/TransformGizmo/SM_Sequencer_Node.uasset" 710
"../../../Engine/Content/VREditor/TransformGizmo/SM_Sequencer_Node.uexp" 711
"E:/Unreal Projects/FreeDriver/Content/VehicleAdv/Sound/Engine_att.uasset" 712
"E:/Unreal Projects/FreeDriver/Content/VehicleAdv/Sound/Engine_att.uexp" 713
"E:/Unreal Projects/FreeDriver/Content/VehicleAdv/Sound/Engine_Loop_Cue.uasset" 714
"E:/Unreal Projects/FreeDriver/Content/VehicleAdv/Sound/Engine_Loop_Cue.uexp" 715
"E:/Unreal Projects/FreeDriver/Content/VehicleAdv/Sound/Engine_Speed_01_Loop.uasset" 716
"E:/Unreal Projects/FreeDriver/Content/VehicleAdv/Sound/Engine_Speed_01_Loop.uexp" 717
"E:/Unreal Projects/FreeDriver/Content/VehicleAdv/Sound/Engine_Speed_03_Loop.uasset" 718
"E:/Unreal Projects/FreeDriver/Content/VehicleAdv/Sound/Engine_Speed_03_Loop.uexp" 719
"E:/Unreal Projects/FreeDriver/Content/VehicleAdv/Sound/Engine_Speed_05_Loop.uasset" 720
"E:/Unreal Projects/FreeDriver/Content/VehicleAdv/Sound/Engine_Speed_05_Loop.uexp" 721
"E:/Unreal Projects/FreeDriver/Content/VehicleAdv/Vehicle/VehicleSkeleton.uasset" 722
"E:/Unreal Projects/FreeDriver/Content/VehicleAdv/Vehicle/VehicleSkeleton.uexp" 723
"E:/Unreal Projects/FreeDriver/Content/VehicleAdv/Vehicle/VehicleAnimationBlueprint.uasset" 724
"E:/Unreal Projects/FreeDriver/Content/VehicleAdv/Vehicle/VehicleAnimationBlueprint.uexp" 725
"E:/Unreal Projects/FreeDriver/Content/VehicleAdv/PhysicsMaterials/Slippery.uasset" 726
"E:/Unreal Projects/FreeDriver/Content/VehicleAdv/PhysicsMaterials/Slippery.uexp" 727
"E:/Unreal Projects/FreeDriver/Content/VehicleAdv/Vehicle/VehiclePhysicsAsset.uasset" 728
"E:/Unreal Projects/FreeDriver/Content/VehicleAdv/Vehicle/VehiclePhysicsAsset.uexp" 729
"E:/Unreal Projects/FreeDriver/Content/VehicleAdv/Materials/Fixed_Template_Master.uasset" 730
"E:/Unreal Projects/FreeDriver/Content/VehicleAdv/Materials/Fixed_Template_Master.uexp" 731
"E:/Unreal Projects/FreeDriver/Content/VehicleAdv/Materials/MaterialInstances/Template_BaseBlue.uasset" 732
"E:/Unreal Projects/FreeDriver/Content/VehicleAdv/Materials/MaterialInstances/Template_BaseBlue.uexp" 733
"E:/Unreal Projects/FreeDriver/Content/VehicleAdv/Vehicle/Vehicle_SkelMesh.uasset" 734
"E:/Unreal Projects/FreeDriver/Content/VehicleAdv/Vehicle/Vehicle_SkelMesh.uexp" 735
"E:/Unreal Projects/FreeDriver/Content/VehicleAdv/PhysicsMaterials/NonSlippery.uasset" 736
"E:/Unreal Projects/FreeDriver/Content/VehicleAdv/PhysicsMaterials/NonSlippery.uexp" 737
"E:/Unreal Projects/FreeDriver/Content/VehicleAdv/Vehicle/WheelData/Vehicle_BackTireConfig.uasset" 738
"E:/Unreal Projects/FreeDriver/Content/VehicleAdv/Vehicle/WheelData/Vehicle_BackTireConfig.uexp" 739
"E:/Unreal Projects/FreeDriver/Content/VehicleAdv/Vehicle/WheelData/Vehicle_FrontTireConfig.uasset" 740
"E:/Unreal Projects/FreeDriver/Content/VehicleAdv/Vehicle/WheelData/Vehicle_FrontTireConfig.uexp" 741
"../../../Engine/Plugins/2D/Paper2D/Content/PlaceholderTextures/DummySpriteTexture.uasset" 742
"../../../Engine/Plugins/2D/Paper2D/Content/PlaceholderTextures/DummySpriteTexture.uexp" 743
"../../../Engine/Plugins/2D/Paper2D/Content/PlaceholderTextures/DummySpriteTexture.ubulk" 744
"../../../Engine/Plugins/2D/Paper2D/Content/DummySprite.uasset" 745
"../../../Engine/Plugins/2D/Paper2D/Content/DummySprite.uexp" 746
"../../../Engine/Plugins/2D/Paper2D/Content/DefaultPaperTerrainMaterial.uasset" 747
"../../../Engine/Plugins/2D/Paper2D/Content/DefaultPaperTerrainMaterial.uexp" 748
"../../../Engine/Plugins/2D/Paper2D/Content/DefaultSpriteMaterial.uasset" 749
"../../../Engine/Plugins/2D/Paper2D/Content/DefaultSpriteMaterial.uexp" 750
"../../../Engine/Plugins/2D/Paper2D/Content/MaskedUnlitSpriteMaterial.uasset" 751
"../../../Engine/Plugins/2D/Paper2D/Content/MaskedUnlitSpriteMaterial.uexp" 752
"../../../Engine/Plugins/2D/Paper2D/Content/OpaqueUnlitSpriteMaterial.uasset" 753
"../../../Engine/Plugins/2D/Paper2D/Content/OpaqueUnlitSpriteMaterial.uexp" 754
"../../../Engine/Plugins/Editor/SpeedTreeImporter/Content/SpeedTree9/UnpackInteger3.uasset" 755
"../../../Engine/Plugins/Editor/SpeedTreeImporter/Content/SpeedTree9/UnpackInteger3.uexp" 756
"../../../Engine/Plugins/Editor/SpeedTreeImporter/Content/SpeedTree9/UnpackDirection.uasset" 757
"../../../Engine/Plugins/Editor/SpeedTreeImporter/Content/SpeedTree9/UnpackDirection.uexp" 758
"../../../Engine/Plugins/Editor/SpeedTreeImporter/Content/SpeedTree9/game_wind_noise.uasset" 759
"../../../Engine/Plugins/Editor/SpeedTreeImporter/Content/SpeedTree9/game_wind_noise.uexp" 760
"../../../Engine/Plugins/Editor/SpeedTreeImporter/Content/SpeedTree9/game_wind_noise.ubulk" 761
"../../../Engine/Content/Functions/Engine_MaterialFunctions02/SafeNormalize.uasset" 762
"../../../Engine/Content/Functions/Engine_MaterialFunctions02/SafeNormalize.uexp" 763
"../../../Engine/Plugins/Editor/SpeedTreeImporter/Content/SpeedTree9/SpeedTreeWindMotion.uasset" 764
"../../../Engine/Plugins/Editor/SpeedTreeImporter/Content/SpeedTree9/SpeedTreeWindMotion.uexp" 765
"../../../Engine/Plugins/Editor/SpeedTreeImporter/Content/SpeedTree9/SpeedTreeBranchMotion.uasset" 766
"../../../Engine/Plugins/Editor/SpeedTreeImporter/Content/SpeedTree9/SpeedTreeBranchMotion.uexp" 767
"../../../Engine/Content/Functions/Engine_MaterialFunctions02/ObjectLocalBounds.uasset" 768
"../../../Engine/Content/Functions/Engine_MaterialFunctions02/ObjectLocalBounds.uexp" 769
"../../../Engine/Content/Functions/Engine_MaterialFunctions02/UVs/BoundingBoxBased_0-1_UVW.uasset" 770
"../../../Engine/Content/Functions/Engine_MaterialFunctions02/UVs/BoundingBoxBased_0-1_UVW.uexp" 771
"../../../Engine/Content/Functions/Engine_MaterialFunctions02/WorldPositionOffset/ObjectScale.uasset" 772
"../../../Engine/Content/Functions/Engine_MaterialFunctions02/WorldPositionOffset/ObjectScale.uexp" 773
"../../../Engine/Plugins/Editor/SpeedTreeImporter/Content/SpeedTree9/SpeedTreeWind.uasset" 774
"../../../Engine/Plugins/Editor/SpeedTreeImporter/Content/SpeedTree9/SpeedTreeWind.uexp" 775
"../../../Engine/Plugins/Editor/SpeedTreeImporter/Content/SpeedTree9/SpeedTreeBillboard.uasset" 776
"../../../Engine/Plugins/Editor/SpeedTreeImporter/Content/SpeedTree9/SpeedTreeBillboard.uexp" 777
"../../../Engine/Plugins/Editor/SpeedTreeImporter/Content/SpeedTree9/EmptyNormal.uasset" 778
"../../../Engine/Plugins/Editor/SpeedTreeImporter/Content/SpeedTree9/EmptyNormal.uexp" 779
"../../../Engine/Plugins/Editor/SpeedTreeImporter/Content/SpeedTree9/Empty.uasset" 780
"../../../Engine/Plugins/Editor/SpeedTreeImporter/Content/SpeedTree9/Empty.uexp" 781
"../../../Engine/Plugins/Editor/SpeedTreeImporter/Content/SpeedTree9/SpeedTreeBillboardMaster.uasset" 782
"../../../Engine/Plugins/Editor/SpeedTreeImporter/Content/SpeedTree9/SpeedTreeBillboardMaster.uexp" 783
"../../../Engine/Plugins/Editor/SpeedTreeImporter/Content/SpeedTree9/SpeedTreeCameraFacing.uasset" 784
"../../../Engine/Plugins/Editor/SpeedTreeImporter/Content/SpeedTree9/SpeedTreeCameraFacing.uexp" 785
"../../../Engine/Plugins/Editor/SpeedTreeImporter/Content/SpeedTree9/SpeedTreeMaster.uasset" 786
"../../../Engine/Plugins/Editor/SpeedTreeImporter/Content/SpeedTree9/SpeedTreeMaster.uexp" 787
"../../../Engine/Plugins/FX/Niagara/Content/Enums/ENiagaraRandomnessMode.uasset" 788
"../../../Engine/Plugins/FX/Niagara/Content/Enums/ENiagaraRandomnessMode.uexp" 789
"../../../Engine/Plugins/FX/Niagara/Content/Icons/S_ParticleSystem.uasset" 790
"../../../Engine/Plugins/FX/Niagara/Content/Icons/S_ParticleSystem.uexp" 791
"../../../Engine/Plugins/FX/Niagara/Content/Icons/S_ParticleSystem.ubulk" 792
"../../../Engine/Content/BasicShapes/Cylinder.uasset" 793
"../../../Engine/Content/BasicShapes/Cylinder.uexp" 794
"../../../Engine/Content/ArtTools/RenderToTexture/Materials/Debug/M_Emissive_Color.uasset" 795
"../../../Engine/Content/ArtTools/RenderToTexture/Materials/Debug/M_Emissive_Color.uexp" 796
"../../../Engine/Plugins/Lumin/MagicLeapPassableWorld/Content/MagicLeapARPinInfoActor.uasset" 797
"../../../Engine/Plugins/Lumin/MagicLeapPassableWorld/Content/MagicLeapARPinInfoActor.uexp" 798
"../../../Engine/Plugins/Runtime/OpenXR/Content/Devices/GoogleDaydream/MRTexture.uasset" 799
"../../../Engine/Plugins/Runtime/OpenXR/Content/Devices/GoogleDaydream/MRTexture.uexp" 800
"../../../Engine/Plugins/Runtime/OpenXR/Content/Devices/GoogleDaydream/MRTexture.ubulk" 801
"../../../Engine/Plugins/Runtime/OpenXR/Content/Devices/GoogleDaydream/BaseTexture.uasset" 802
"../../../Engine/Plugins/Runtime/OpenXR/Content/Devices/GoogleDaydream/BaseTexture.uexp" 803
"../../../Engine/Plugins/Runtime/OpenXR/Content/Devices/GoogleDaydream/BaseTexture.ubulk" 804
"../../../Engine/Content/EngineResources/Black.uasset" 805
"../../../Engine/Content/EngineResources/Black.uexp" 806
"../../../Engine/Plugins/Runtime/OpenXR/Content/Devices/M_XRController.uasset" 807
"../../../Engine/Plugins/Runtime/OpenXR/Content/Devices/M_XRController.uexp" 808
"../../../Engine/Plugins/Runtime/OpenXR/Content/Devices/GoogleDaydream/MI_GoogleDaydream.uasset" 809
"../../../Engine/Plugins/Runtime/OpenXR/Content/Devices/GoogleDaydream/MI_GoogleDaydream.uexp" 810
"../../../Engine/Plugins/Runtime/OpenXR/Content/Devices/GoogleDaydream/GoogleDaydreamController.uasset" 811
"../../../Engine/Plugins/Runtime/OpenXR/Content/Devices/GoogleDaydream/GoogleDaydreamController.uexp" 812
"../../../Engine/Plugins/Runtime/OpenXR/Content/Devices/HTCVive/BaseTexture.uasset" 813
"../../../Engine/Plugins/Runtime/OpenXR/Content/Devices/HTCVive/BaseTexture.uexp" 814
"../../../Engine/Plugins/Runtime/OpenXR/Content/Devices/HTCVive/BaseTexture.ubulk" 815
"../../../Engine/Plugins/Runtime/OpenXR/Content/Devices/HTCVive/MI_HTCVive.uasset" 816
"../../../Engine/Plugins/Runtime/OpenXR/Content/Devices/HTCVive/MI_HTCVive.uexp" 817
"../../../Engine/Plugins/Runtime/OpenXR/Content/Devices/HTCVive/HTCViveController.uasset" 818
"../../../Engine/Plugins/Runtime/OpenXR/Content/Devices/HTCVive/HTCViveController.uexp" 819
"../../../Engine/Plugins/Runtime/OpenXR/Content/Devices/MicrosoftMixedReality/NormalTexture.uasset" 820
"../../../Engine/Plugins/Runtime/OpenXR/Content/Devices/MicrosoftMixedReality/NormalTexture.uexp" 821
"../../../Engine/Plugins/Runtime/OpenXR/Content/Devices/MicrosoftMixedReality/NormalTexture.ubulk" 822
"../../../Engine/Plugins/Runtime/OpenXR/Content/Devices/MicrosoftMixedReality/MRTexture.uasset" 823
"../../../Engine/Plugins/Runtime/OpenXR/Content/Devices/MicrosoftMixedReality/MRTexture.uexp" 824
"../../../Engine/Plugins/Runtime/OpenXR/Content/Devices/MicrosoftMixedReality/MRTexture.ubulk" 825
"../../../Engine/Plugins/Runtime/OpenXR/Content/Devices/MicrosoftMixedReality/EmissiveTexture.uasset" 826
"../../../Engine/Plugins/Runtime/OpenXR/Content/Devices/MicrosoftMixedReality/EmissiveTexture.uexp" 827
"../../../Engine/Plugins/Runtime/OpenXR/Content/Devices/MicrosoftMixedReality/EmissiveTexture.ubulk" 828
"../../../Engine/Plugins/Runtime/OpenXR/Content/Devices/MicrosoftMixedReality/BaseTexture.uasset" 829
"../../../Engine/Plugins/Runtime/OpenXR/Content/Devices/MicrosoftMixedReality/BaseTexture.uexp" 830
"../../../Engine/Plugins/Runtime/OpenXR/Content/Devices/MicrosoftMixedReality/BaseTexture.ubulk" 831
"../../../Engine/Plugins/Runtime/OpenXR/Content/Devices/MicrosoftMixedReality/MI_MicrosoftMixedReality.uasset" 832
"../../../Engine/Plugins/Runtime/OpenXR/Content/Devices/MicrosoftMixedReality/MI_MicrosoftMixedReality.uexp" 833
"../../../Engine/Plugins/Runtime/OpenXR/Content/Devices/MicrosoftMixedReality/Left/left_MicrosoftMixedRealityController.uasset" 834
"../../../Engine/Plugins/Runtime/OpenXR/Content/Devices/MicrosoftMixedReality/Left/left_MicrosoftMixedRealityController.uexp" 835
"../../../Engine/Plugins/Runtime/OpenXR/Content/Devices/MicrosoftMixedReality/Right/right_MicrosoftMixedRealityController.uasset" 836
"../../../Engine/Plugins/Runtime/OpenXR/Content/Devices/MicrosoftMixedReality/Right/right_MicrosoftMixedRealityController.uexp" 837
"../../../Engine/Plugins/Runtime/OpenXR/Content/Devices/OculusGo/BaseTexture.uasset" 838
"../../../Engine/Plugins/Runtime/OpenXR/Content/Devices/OculusGo/BaseTexture.uexp" 839
"../../../Engine/Plugins/Runtime/OpenXR/Content/Devices/OculusGo/BaseTexture.ubulk" 840
"../../../Engine/Plugins/Runtime/OpenXR/Content/Devices/OculusGo/MI_OculusGo.uasset" 841
"../../../Engine/Plugins/Runtime/OpenXR/Content/Devices/OculusGo/MI_OculusGo.uexp" 842
"../../../Engine/Plugins/Runtime/OpenXR/Content/Devices/OculusGo/OculusGoController.uasset" 843
"../../../Engine/Plugins/Runtime/OpenXR/Content/Devices/OculusGo/OculusGoController.uexp" 844
"../../../Engine/Plugins/Runtime/OpenXR/Content/Devices/OculusTouch/MRTexture.uasset" 845
"../../../Engine/Plugins/Runtime/OpenXR/Content/Devices/OculusTouch/MRTexture.uexp" 846
"../../../Engine/Plugins/Runtime/OpenXR/Content/Devices/OculusTouch/MRTexture.ubulk" 847
"../../../Engine/Plugins/Runtime/OpenXR/Content/Devices/OculusTouch/BaseTexture.uasset" 848
"../../../Engine/Plugins/Runtime/OpenXR/Content/Devices/OculusTouch/BaseTexture.uexp" 849
"../../../Engine/Plugins/Runtime/OpenXR/Content/Devices/OculusTouch/BaseTexture.ubulk" 850
"../../../Engine/Plugins/Runtime/OpenXR/Content/Devices/OculusTouch/MI_OculusTouch.uasset" 851
"../../../Engine/Plugins/Runtime/OpenXR/Content/Devices/OculusTouch/MI_OculusTouch.uexp" 852
"../../../Engine/Plugins/Runtime/OpenXR/Content/Devices/OculusTouch/Left/left_OculusTouchController.uasset" 853
"../../../Engine/Plugins/Runtime/OpenXR/Content/Devices/OculusTouch/Left/left_OculusTouchController.uexp" 854
"../../../Engine/Plugins/Runtime/OpenXR/Content/Devices/OculusTouch/Right/right_OculusTouchController.uasset" 855
"../../../Engine/Plugins/Runtime/OpenXR/Content/Devices/OculusTouch/Right/right_OculusTouchController.uexp" 856
"../../../Engine/Plugins/Runtime/OpenXR/Content/Devices/OculusTouch_v2/MRTexture.uasset" 857
"../../../Engine/Plugins/Runtime/OpenXR/Content/Devices/OculusTouch_v2/MRTexture.uexp" 858
"../../../Engine/Plugins/Runtime/OpenXR/Content/Devices/OculusTouch_v2/MRTexture.ubulk" 859
"../../../Engine/Plugins/Runtime/OpenXR/Content/Devices/OculusTouch_v2/BaseTexture.uasset" 860
"../../../Engine/Plugins/Runtime/OpenXR/Content/Devices/OculusTouch_v2/BaseTexture.uexp" 861
"../../../Engine/Plugins/Runtime/OpenXR/Content/Devices/OculusTouch_v2/BaseTexture.ubulk" 862
"../../../Engine/Plugins/Runtime/OpenXR/Content/Devices/OculusTouch_v2/MI_OculusTouch_v2.uasset" 863
"../../../Engine/Plugins/Runtime/OpenXR/Content/Devices/OculusTouch_v2/MI_OculusTouch_v2.uexp" 864
"../../../Engine/Plugins/Runtime/OpenXR/Content/Devices/OculusTouch_v2/Left/left_OculusTouch_v2Controller.uasset" 865
"../../../Engine/Plugins/Runtime/OpenXR/Content/Devices/OculusTouch_v2/Left/left_OculusTouch_v2Controller.uexp" 866
"../../../Engine/Plugins/Runtime/OpenXR/Content/Devices/OculusTouch_v2/Right/right_OculusTouch_v2Controller.uasset" 867
"../../../Engine/Plugins/Runtime/OpenXR/Content/Devices/OculusTouch_v2/Right/right_OculusTouch_v2Controller.uexp" 868
"../../../Engine/Plugins/Runtime/OpenXR/Content/Devices/OculusTouch_v3/MRTexture.uasset" 869
"../../../Engine/Plugins/Runtime/OpenXR/Content/Devices/OculusTouch_v3/MRTexture.uexp" 870
"../../../Engine/Plugins/Runtime/OpenXR/Content/Devices/OculusTouch_v3/MRTexture.ubulk" 871
"../../../Engine/Plugins/Runtime/OpenXR/Content/Devices/OculusTouch_v3/BaseTexture.uasset" 872
"../../../Engine/Plugins/Runtime/OpenXR/Content/Devices/OculusTouch_v3/BaseTexture.uexp" 873
"../../../Engine/Plugins/Runtime/OpenXR/Content/Devices/OculusTouch_v3/BaseTexture.ubulk" 874
"../../../Engine/Plugins/Runtime/OpenXR/Content/Devices/OculusTouch_v3/MI_OculusTouch_v3.uasset" 875
"../../../Engine/Plugins/Runtime/OpenXR/Content/Devices/OculusTouch_v3/MI_OculusTouch_v3.uexp" 876
"../../../Engine/Plugins/Runtime/OpenXR/Content/Devices/OculusTouch_v3/Left/left_OculusTouch_v3Controller.uasset" 877
"../../../Engine/Plugins/Runtime/OpenXR/Content/Devices/OculusTouch_v3/Left/left_OculusTouch_v3Controller.uexp" 878
"../../../Engine/Plugins/Runtime/OpenXR/Content/Devices/OculusTouch_v3/Right/right_OculusTouch_v3Controller.uasset" 879
"../../../Engine/Plugins/Runtime/OpenXR/Content/Devices/OculusTouch_v3/Right/right_OculusTouch_v3Controller.uexp" 880
"../../../Engine/Plugins/Runtime/OpenXR/Content/Devices/ValveIndex/MRTexture.uasset" 881
"../../../Engine/Plugins/Runtime/OpenXR/Content/Devices/ValveIndex/MRTexture.uexp" 882
"../../../Engine/Plugins/Runtime/OpenXR/Content/Devices/ValveIndex/MRTexture.ubulk" 883
"../../../Engine/Plugins/Runtime/OpenXR/Content/Devices/ValveIndex/BaseTexture.uasset" 884
"../../../Engine/Plugins/Runtime/OpenXR/Content/Devices/ValveIndex/BaseTexture.uexp" 885
"../../../Engine/Plugins/Runtime/OpenXR/Content/Devices/ValveIndex/BaseTexture.ubulk" 886
"../../../Engine/Plugins/Runtime/OpenXR/Content/Devices/ValveIndex/Left/MI_left_ValveIndex.uasset" 887
"../../../Engine/Plugins/Runtime/OpenXR/Content/Devices/ValveIndex/Left/MI_left_ValveIndex.uexp" 888
"../../../Engine/Plugins/Runtime/OpenXR/Content/Devices/ValveIndex/Left/left_ValveIndexController.uasset" 889
"../../../Engine/Plugins/Runtime/OpenXR/Content/Devices/ValveIndex/Left/left_ValveIndexController.uexp" 890
"../../../Engine/Plugins/Runtime/OpenXR/Content/Devices/ValveIndex/Right/MI_right_ValveIndex.uasset" 891
"../../../Engine/Plugins/Runtime/OpenXR/Content/Devices/ValveIndex/Right/MI_right_ValveIndex.uexp" 892
"../../../Engine/Plugins/Runtime/OpenXR/Content/Devices/ValveIndex/Right/right_ValveIndexController.uasset" 893
"../../../Engine/Plugins/Runtime/OpenXR/Content/Devices/ValveIndex/Right/right_ValveIndexController.uexp" 894
"../../../Engine/Content/Functions/Engine_MaterialFunctions02/Utility/BreakOutFloat4Components.uasset" 895
"../../../Engine/Content/Functions/Engine_MaterialFunctions02/Utility/BreakOutFloat4Components.uexp" 896
"../../../Engine/Plugins/Runtime/Oculus/OculusVR/Content/Materials/OculusMR_ChromaKey.uasset" 897
"../../../Engine/Plugins/Runtime/Oculus/OculusVR/Content/Materials/OculusMR_ChromaKey.uexp" 898
"../../../Engine/Plugins/Runtime/Oculus/OculusVR/Content/Materials/OculusMR_OpaqueColoredMaterial.uasset" 899
"../../../Engine/Plugins/Runtime/Oculus/OculusVR/Content/Materials/OculusMR_OpaqueColoredMaterial.uexp" 900
"../../../Engine/Plugins/Runtime/Oculus/OculusVR/Content/Materials/PokeAHoleMaterial.uasset" 901
"../../../Engine/Plugins/Runtime/Oculus/OculusVR/Content/Materials/PokeAHoleMaterial.uexp" 902
"../../../Engine/Plugins/Runtime/Oculus/OculusVR/Content/Textures/touchController_controlmap.uasset" 903
"../../../Engine/Plugins/Runtime/Oculus/OculusVR/Content/Textures/touchController_controlmap.uexp" 904
"../../../Engine/Plugins/Runtime/Oculus/OculusVR/Content/Textures/touchController_controlmap.ubulk" 905
"../../../Engine/Plugins/Runtime/Oculus/OculusVR/Content/Textures/touchController_albedo.uasset" 906
"../../../Engine/Plugins/Runtime/Oculus/OculusVR/Content/Textures/touchController_albedo.uexp" 907
"../../../Engine/Plugins/Runtime/Oculus/OculusVR/Content/Textures/touchController_albedo.ubulk" 908
"../../../Engine/Plugins/Runtime/Oculus/OculusVR/Content/Materials/touchController_mat.uasset" 909
"../../../Engine/Plugins/Runtime/Oculus/OculusVR/Content/Materials/touchController_mat.uexp" 910
"../../../Engine/Plugins/Runtime/Oculus/OculusVR/Content/Meshes/LeftTouchController.uasset" 911
"../../../Engine/Plugins/Runtime/Oculus/OculusVR/Content/Meshes/LeftTouchController.uexp" 912
"../../../Engine/Plugins/Runtime/Oculus/OculusVR/Content/Textures/TouchForQuestRiftSController_albedo.uasset" 913
"../../../Engine/Plugins/Runtime/Oculus/OculusVR/Content/Textures/TouchForQuestRiftSController_albedo.uexp" 914
"../../../Engine/Plugins/Runtime/Oculus/OculusVR/Content/Textures/TouchForQuestRiftSController_albedo.ubulk" 915
"../../../Engine/Plugins/Runtime/Oculus/OculusVR/Content/Materials/TouchForQuestRiftSControllerMaterial.uasset" 916
"../../../Engine/Plugins/Runtime/Oculus/OculusVR/Content/Materials/TouchForQuestRiftSControllerMaterial.uexp" 917
"../../../Engine/Plugins/Runtime/Oculus/OculusVR/Content/Meshes/LeftTouchForQuestRiftSController.uasset" 918
"../../../Engine/Plugins/Runtime/Oculus/OculusVR/Content/Meshes/LeftTouchForQuestRiftSController.uexp" 919
"../../../Engine/Plugins/Runtime/Oculus/OculusVR/Content/Meshes/RiftHMD.uasset" 920
"../../../Engine/Plugins/Runtime/Oculus/OculusVR/Content/Meshes/RiftHMD.uexp" 921
"../../../Engine/Plugins/Runtime/Oculus/OculusVR/Content/Meshes/RightTouchController.uasset" 922
"../../../Engine/Plugins/Runtime/Oculus/OculusVR/Content/Meshes/RightTouchController.uexp" 923
"../../../Engine/Plugins/Runtime/Oculus/OculusVR/Content/Meshes/RightTouchForQuestRiftSController.uasset" 924
"../../../Engine/Plugins/Runtime/Oculus/OculusVR/Content/Meshes/RightTouchForQuestRiftSController.uexp" 925
"../../../Engine/Content/Maps/Entry_BuiltData.uasset" 926
"../../../Engine/Content/Maps/Entry_BuiltData.uexp" 927
"../../../Engine/Content/Maps/Entry.uexp" 928
"../../../Engine/Content/Maps/Entry.umap" 929
"E:/Unreal Projects/FreeDriver/Content/Mannequin/Character/Mesh/UE4_Mannequin_Skeleton.uasset" 930
"E:/Unreal Projects/FreeDriver/Content/Mannequin/Character/Mesh/UE4_Mannequin_Skeleton.uexp" 931
"E:/Unreal Projects/FreeDriver/Content/Mannequin/Animations/ThirdPersonWalk.uasset" 932
"E:/Unreal Projects/FreeDriver/Content/Mannequin/Animations/ThirdPersonWalk.uexp" 933
"E:/Unreal Projects/FreeDriver/Content/Mannequin/Animations/ThirdPersonRun.uasset" 934
"E:/Unreal Projects/FreeDriver/Content/Mannequin/Animations/ThirdPersonRun.uexp" 935
"E:/Unreal Projects/FreeDriver/Content/Mannequin/Animations/ThirdPersonIdle.uasset" 936
"E:/Unreal Projects/FreeDriver/Content/Mannequin/Animations/ThirdPersonIdle.uexp" 937
"E:/Unreal Projects/FreeDriver/Content/Mannequin/Animations/ThirdPerson_IdleRun_2D.uasset" 938
"E:/Unreal Projects/FreeDriver/Content/Mannequin/Animations/ThirdPerson_IdleRun_2D.uexp" 939
"E:/Unreal Projects/FreeDriver/Content/Mannequin/Animations/ThirdPerson_Jump.uasset" 940
"E:/Unreal Projects/FreeDriver/Content/Mannequin/Animations/ThirdPerson_Jump.uexp" 941
"E:/Unreal Projects/FreeDriver/Content/Mannequin/Animations/ThirdPersonJump_Start.uasset" 942
"E:/Unreal Projects/FreeDriver/Content/Mannequin/Animations/ThirdPersonJump_Start.uexp" 943
"E:/Unreal Projects/FreeDriver/Content/Mannequin/Animations/ThirdPersonJump_Loop.uasset" 944
"E:/Unreal Projects/FreeDriver/Content/Mannequin/Animations/ThirdPersonJump_Loop.uexp" 945
"../../../Engine/Content/EditorBlueprintResources/StandardMacros.uasset" 946
"../../../Engine/Content/EditorBlueprintResources/StandardMacros.uexp" 947
"E:/Unreal Projects/FreeDriver/Content/Mannequin/Animations/ThirdPerson_AnimBP.uasset" 948
"E:/Unreal Projects/FreeDriver/Content/Mannequin/Animations/ThirdPerson_AnimBP.uexp" 949
"E:/Unreal Projects/FreeDriver/Content/Geometry/Meshes/CubeMaterial.uasset" 950
"E:/Unreal Projects/FreeDriver/Content/Geometry/Meshes/CubeMaterial.uexp" 951
"E:/Unreal Projects/FreeDriver/Content/VehicleAdvCPP/Maps/VehicleAdvExampleMap_BuiltData.uasset" 952
"E:/Unreal Projects/FreeDriver/Content/VehicleAdvCPP/Maps/VehicleAdvExampleMap_BuiltData.uexp" 953
"E:/Unreal Projects/FreeDriver/Content/VehicleAdvCPP/Maps/VehicleAdvExampleMap_BuiltData.ubulk" 954
"E:/Unreal Projects/FreeDriver/Content/VehicleAdvCPP/Maps/LayerInfo/Track_LayerInfo.uasset" 955
"E:/Unreal Projects/FreeDriver/Content/VehicleAdvCPP/Maps/LayerInfo/Track_LayerInfo.uexp" 956
"E:/Unreal Projects/FreeDriver/Content/VehicleAdvCPP/Maps/LayerInfo/Desert_LayerInfo.uasset" 957
"E:/Unreal Projects/FreeDriver/Content/VehicleAdvCPP/Maps/LayerInfo/Desert_LayerInfo.uexp" 958
"E:/Unreal Projects/FreeDriver/Content/VehicleAdv/Materials/Landscape.uasset" 959
"E:/Unreal Projects/FreeDriver/Content/VehicleAdv/Materials/Landscape.uexp" 960
"E:/Unreal Projects/FreeDriver/Content/VehicleAdv/Materials/MaterialInstances/LandscapeNoHole.uasset" 961
"E:/Unreal Projects/FreeDriver/Content/VehicleAdv/Materials/MaterialInstances/LandscapeNoHole.uexp" 962
"E:/Unreal Projects/FreeDriver/Content/VehicleAdv/Materials/MasterGrid.uasset" 963
"E:/Unreal Projects/FreeDriver/Content/VehicleAdv/Materials/MasterGrid.uexp" 964
"E:/Unreal Projects/FreeDriver/Content/VehicleAdv/Materials/MaterialInstances/BlackGrid.uasset" 965
"E:/Unreal Projects/FreeDriver/Content/VehicleAdv/Materials/MaterialInstances/BlackGrid.uexp" 966
"E:/Unreal Projects/FreeDriver/Content/VehicleAdv/Materials/MaterialInstances/RedGrid.uasset" 967
"E:/Unreal Projects/FreeDriver/Content/VehicleAdv/Materials/MaterialInstances/RedGrid.uexp" 968
"E:/Unreal Projects/FreeDriver/Content/VehicleAdv/ArenaMesh/Turn_90Large.uasset" 969
"E:/Unreal Projects/FreeDriver/Content/VehicleAdv/ArenaMesh/Turn_90Large.uexp" 970
"E:/Unreal Projects/FreeDriver/Content/VehicleAdv/Materials/MasterSolidColor.uasset" 971
"E:/Unreal Projects/FreeDriver/Content/VehicleAdv/Materials/MasterSolidColor.uexp" 972
"E:/Unreal Projects/FreeDriver/Content/VehicleAdv/Materials/MaterialInstances/SolidRed.uasset" 973
"E:/Unreal Projects/FreeDriver/Content/VehicleAdv/Materials/MaterialInstances/SolidRed.uexp" 974
"E:/Unreal Projects/FreeDriver/Content/VehicleAdv/ArenaMesh/Turn_90.uasset" 975
"E:/Unreal Projects/FreeDriver/Content/VehicleAdv/ArenaMesh/Turn_90.uexp" 976
"E:/Unreal Projects/FreeDriver/Content/VehicleAdv/ArenaMesh/Turn_45.uasset" 977
"E:/Unreal Projects/FreeDriver/Content/VehicleAdv/ArenaMesh/Turn_45.uexp" 978
"E:/Unreal Projects/FreeDriver/Content/VehicleAdv/ArenaMesh/turn_22andhalf.uasset" 979
"E:/Unreal Projects/FreeDriver/Content/VehicleAdv/ArenaMesh/turn_22andhalf.uexp" 980
"E:/Unreal Projects/FreeDriver/Content/VehicleAdv/ArenaMesh/StraightQuarter.uasset" 981
"E:/Unreal Projects/FreeDriver/Content/VehicleAdv/ArenaMesh/StraightQuarter.uexp" 982
"E:/Unreal Projects/FreeDriver/Content/VehicleAdv/ArenaMesh/StraightHalf.uasset" 983
"E:/Unreal Projects/FreeDriver/Content/VehicleAdv/ArenaMesh/StraightHalf.uexp" 984
"E:/Unreal Projects/FreeDriver/Content/VehicleAdv/ArenaMesh/StraightFull.uasset" 985
"E:/Unreal Projects/FreeDriver/Content/VehicleAdv/ArenaMesh/StraightFull.uexp" 986
"E:/Unreal Projects/FreeDriver/Content/VehicleAdv/Materials/MaterialInstances/SolidOrange.uasset" 987
"E:/Unreal Projects/FreeDriver/Content/VehicleAdv/Materials/MaterialInstances/SolidOrange.uexp" 988
"E:/Unreal Projects/FreeDriver/Content/VehicleAdv/ArenaMesh/RampLarge.uasset" 989
"E:/Unreal Projects/FreeDriver/Content/VehicleAdv/ArenaMesh/RampLarge.uexp" 990
"E:/Unreal Projects/FreeDriver/Content/VehicleAdv/ArenaMesh/LoopSmall.uasset" 991
"E:/Unreal Projects/FreeDriver/Content/VehicleAdv/ArenaMesh/LoopSmall.uexp" 992
"E:/Unreal Projects/FreeDriver/Content/VehicleAdv/ArenaMesh/LoopBig.uasset" 993
"E:/Unreal Projects/FreeDriver/Content/VehicleAdv/ArenaMesh/LoopBig.uexp" 994
"E:/Unreal Projects/FreeDriver/Content/VehicleAdv/ArenaMesh/BumpWedge.uasset" 995
"E:/Unreal Projects/FreeDriver/Content/VehicleAdv/ArenaMesh/BumpWedge.uexp" 996
"E:/Unreal Projects/FreeDriver/Content/VehicleAdv/ArenaMesh/BumpWaveSmall.uasset" 997
"E:/Unreal Projects/FreeDriver/Content/VehicleAdv/ArenaMesh/BumpWaveSmall.uexp" 998
"E:/Unreal Projects/FreeDriver/Content/VehicleAdv/ArenaMesh/BumpWave.uasset" 999
"E:/Unreal Projects/FreeDriver/Content/VehicleAdv/ArenaMesh/BumpWave.uexp" 1000
"E:/Unreal Projects/FreeDriver/Content/Mannequin/Character/Textures/T_UE4Logo_Mask.uasset" 1001
"E:/Unreal Projects/FreeDriver/Content/Mannequin/Character/Textures/T_UE4Logo_Mask.uexp" 1002
"E:/Unreal Projects/FreeDriver/Content/Mannequin/Character/Textures/T_UE4Logo_Mask.ubulk" 1003
"E:/Unreal Projects/FreeDriver/Content/Mannequin/Character/Materials/MaterialLayers/ML_Plastic_Shiny_Beige_LOGO.uasset" 1004
"E:/Unreal Projects/FreeDriver/Content/Mannequin/Character/Materials/MaterialLayers/ML_Plastic_Shiny_Beige_LOGO.uexp" 1005
"E:/Unreal Projects/FreeDriver/Content/Mannequin/Character/Materials/MaterialLayers/ML_Plastic_Shiny_Beige.uasset" 1006
"E:/Unreal Projects/FreeDriver/Content/Mannequin/Character/Materials/MaterialLayers/ML_Plastic_Shiny_Beige.uexp" 1007
"E:/Unreal Projects/FreeDriver/Content/Mannequin/Character/Materials/MaterialLayers/T_ML_Rubber_Blue_01_N.uasset" 1008
"E:/Unreal Projects/FreeDriver/Content/Mannequin/Character/Materials/MaterialLayers/T_ML_Rubber_Blue_01_N.uexp" 1009
"E:/Unreal Projects/FreeDriver/Content/Mannequin/Character/Materials/MaterialLayers/T_ML_Rubber_Blue_01_N.ubulk" 1010
"E:/Unreal Projects/FreeDriver/Content/Mannequin/Character/Materials/MaterialLayers/T_ML_Rubber_Blue_01_D.uasset" 1011
"E:/Unreal Projects/FreeDriver/Content/Mannequin/Character/Materials/MaterialLayers/T_ML_Rubber_Blue_01_D.uexp" 1012
"E:/Unreal Projects/FreeDriver/Content/Mannequin/Character/Materials/MaterialLayers/T_ML_Rubber_Blue_01_D.ubulk" 1013
"E:/Unreal Projects/FreeDriver/Content/Mannequin/Character/Materials/MaterialLayers/ML_GlossyBlack_Latex_UE4.uasset" 1014
"E:/Unreal Projects/FreeDriver/Content/Mannequin/Character/Materials/MaterialLayers/ML_GlossyBlack_Latex_UE4.uexp" 1015
"E:/Unreal Projects/FreeDriver/Content/Mannequin/Character/Textures/T_Male_N.uasset" 1016
"E:/Unreal Projects/FreeDriver/Content/Mannequin/Character/Textures/T_Male_N.uexp" 1017
"E:/Unreal Projects/FreeDriver/Content/Mannequin/Character/Textures/T_Male_N.ubulk" 1018
"E:/Unreal Projects/FreeDriver/Content/Mannequin/Character/Textures/T_Male_Mask.uasset" 1019
"E:/Unreal Projects/FreeDriver/Content/Mannequin/Character/Textures/T_Male_Mask.uexp" 1020
"E:/Unreal Projects/FreeDriver/Content/Mannequin/Character/Textures/T_Male_Mask.ubulk" 1021
"E:/Unreal Projects/FreeDriver/Content/Mannequin/Character/Materials/MaterialLayers/T_ML_Aluminum01_N.uasset" 1022
"E:/Unreal Projects/FreeDriver/Content/Mannequin/Character/Materials/MaterialLayers/T_ML_Aluminum01_N.uexp" 1023
"E:/Unreal Projects/FreeDriver/Content/Mannequin/Character/Materials/MaterialLayers/T_ML_Aluminum01_N.ubulk" 1024
"E:/Unreal Projects/FreeDriver/Content/Mannequin/Character/Materials/MaterialLayers/T_ML_Aluminum01.uasset" 1025
"E:/Unreal Projects/FreeDriver/Content/Mannequin/Character/Materials/MaterialLayers/T_ML_Aluminum01.uexp" 1026
"E:/Unreal Projects/FreeDriver/Content/Mannequin/Character/Materials/MaterialLayers/T_ML_Aluminum01.ubulk" 1027
"E:/Unreal Projects/FreeDriver/Content/Mannequin/Character/Materials/MaterialLayers/ML_SoftMetal_UE4.uasset" 1028
"E:/Unreal Projects/FreeDriver/Content/Mannequin/Character/Materials/MaterialLayers/ML_SoftMetal_UE4.uexp" 1029
"../../../Engine/Content/Functions/MaterialLayerFunctions/MatLayerBlend_Simple.uasset" 1030
"../../../Engine/Content/Functions/MaterialLayerFunctions/MatLayerBlend_Simple.uexp" 1031
"../../../Engine/Content/Functions/Engine_MaterialFunctions02/Utility/BlendAngleCorrectedNormals.uasset" 1032
"../../../Engine/Content/Functions/Engine_MaterialFunctions02/Utility/BlendAngleCorrectedNormals.uexp" 1033
"../../../Engine/Content/Functions/MaterialLayerFunctions/MatLayerBlend_NormalBlend.uasset" 1034
"../../../Engine/Content/Functions/MaterialLayerFunctions/MatLayerBlend_NormalBlend.uexp" 1035
"E:/Unreal Projects/FreeDriver/Content/Mannequin/Character/Materials/M_Male_Body.uasset" 1036
"E:/Unreal Projects/FreeDriver/Content/Mannequin/Character/Materials/M_Male_Body.uexp" 1037
"E:/Unreal Projects/FreeDriver/Content/Mannequin/Character/Mesh/SK_Mannequin_PhysicsAsset.uasset" 1038
"E:/Unreal Projects/FreeDriver/Content/Mannequin/Character/Mesh/SK_Mannequin_PhysicsAsset.uexp" 1039
"E:/Unreal Projects/FreeDriver/Content/Mannequin/Character/Textures/T_UE4Logo_N.uasset" 1040
"E:/Unreal Projects/FreeDriver/Content/Mannequin/Character/Textures/T_UE4Logo_N.uexp" 1041
"E:/Unreal Projects/FreeDriver/Content/Mannequin/Character/Textures/T_UE4Logo_N.ubulk" 1042
"E:/Unreal Projects/FreeDriver/Content/Mannequin/Character/Materials/M_UE4Man_ChestLogo.uasset" 1043
"E:/Unreal Projects/FreeDriver/Content/Mannequin/Character/Materials/M_UE4Man_ChestLogo.uexp" 1044
"E:/Unreal Projects/FreeDriver/Content/Mannequin/Character/Mesh/SK_Mannequin.uasset" 1045
"E:/Unreal Projects/FreeDriver/Content/Mannequin/Character/Mesh/SK_Mannequin.uexp" 1046
"E:/Unreal Projects/FreeDriver/Content/ThirdPersonCPP/Blueprints/ThirdPersonCharacter.uasset" 1047
"E:/Unreal Projects/FreeDriver/Content/ThirdPersonCPP/Blueprints/ThirdPersonCharacter.uexp" 1048
"E:/Unreal Projects/FreeDriver/Content/Pedestrian/BP_Pedestrian.uasset" 1049
"E:/Unreal Projects/FreeDriver/Content/Pedestrian/BP_Pedestrian.uexp" 1050
"E:/Unreal Projects/FreeDriver/Content/Mannequin/Character/Textures/T_Female_N.uasset" 1051
"E:/Unreal Projects/FreeDriver/Content/Mannequin/Character/Textures/T_Female_N.uexp" 1052
"E:/Unreal Projects/FreeDriver/Content/Mannequin/Character/Textures/T_Female_N.ubulk" 1053
"E:/Unreal Projects/FreeDriver/Content/Mannequin/Character/Textures/T_Female_Mask.uasset" 1054
"E:/Unreal Projects/FreeDriver/Content/Mannequin/Character/Textures/T_Female_Mask.uexp" 1055
"E:/Unreal Projects/FreeDriver/Content/Mannequin/Character/Textures/T_Female_Mask.ubulk" 1056
"E:/Unreal Projects/FreeDriver/Content/Mannequin/Character/Materials/MI_Female_Body.uasset" 1057
"E:/Unreal Projects/FreeDriver/Content/Mannequin/Character/Materials/MI_Female_Body.uexp" 1058
"E:/Unreal Projects/FreeDriver/Content/Mannequin/Character/Mesh/SK_Mannequin_Female_PhysicsAsset.uasset" 1059
"E:/Unreal Projects/FreeDriver/Content/Mannequin/Character/Mesh/SK_Mannequin_Female_PhysicsAsset.uexp" 1060
"E:/Unreal Projects/FreeDriver/Content/Mannequin/Character/Mesh/SK_Mannequin_Female.uasset" 1061
"E:/Unreal Projects/FreeDriver/Content/Mannequin/Character/Mesh/SK_Mannequin_Female.uexp" 1062
"../../../Engine/Content/EngineMaterials/WeightMapPlaceholderTexture.uasset" 1063
"../../../Engine/Content/EngineMaterials/WeightMapPlaceholderTexture.uexp" 1064
"../../../Engine/Content/EngineSky/T_Sky_Stars.uasset" 1065
"../../../Engine/Content/EngineSky/T_Sky_Stars.uexp" 1066
"../../../Engine/Content/EngineSky/T_Sky_Stars.ubulk" 1067
"../../../Engine/Content/EngineSky/T_Sky_Clouds_M.uasset" 1068
"../../../Engine/Content/EngineSky/T_Sky_Clouds_M.uexp" 1069
"../../../Engine/Content/EngineSky/T_Sky_Clouds_M.ubulk" 1070
"../../../Engine/Content/EngineSky/T_Sky_Blue.uasset" 1071
"../../../Engine/Content/EngineSky/T_Sky_Blue.uexp" 1072
"../../../Engine/Content/EngineSky/T_Sky_Blue.ubulk" 1073
"../../../Engine/Content/EngineSky/M_Sky_Panning_Clouds2.uasset" 1074
"../../../Engine/Content/EngineSky/M_Sky_Panning_Clouds2.uexp" 1075
"../../../Engine/Content/EngineSky/SM_SkySphere.uasset" 1076
"../../../Engine/Content/EngineSky/SM_SkySphere.uexp" 1077
"../../../Engine/Content/EngineSky/C_Sky_Zenith_Color.uasset" 1078
"../../../Engine/Content/EngineSky/C_Sky_Zenith_Color.uexp" 1079
"../../../Engine/Content/EngineSky/C_Sky_Horizon_Color.uasset" 1080
"../../../Engine/Content/EngineSky/C_Sky_Horizon_Color.uexp" 1081
"../../../Engine/Content/EngineSky/C_Sky_Cloud_Color.uasset" 1082
"../../../Engine/Content/EngineSky/C_Sky_Cloud_Color.uexp" 1083
"../../../Engine/Content/EngineSky/BP_Sky_Sphere.uasset" 1084
"../../../Engine/Content/EngineSky/BP_Sky_Sphere.uexp" 1085
"E:/Unreal Projects/FreeDriver/Content/VehicleAdvCPP/Maps/VehicleAdvExampleMap.uexp" 1086
"E:/Unreal Projects/FreeDriver/Content/VehicleAdvCPP/Maps/VehicleAdvExampleMap.ubulk" 1087
"E:/Unreal Projects/FreeDriver/Content/VehicleAdvCPP/Maps/VehicleAdvExampleMap.umap" 1088
